

Started GET "/girls/1670" for 127.0.0.1 at Sat Sep 24 14:23:21 -0600 2011
  Processing by GirlsController#show as HTML
  Parameters: {"id"=>"1670"}
  [1m[36mGirl Load (16.6ms)[0m  [1mSELECT "girls".* FROM "girls" WHERE ("girls"."id" = 1670) LIMIT 1[0m
Rendered layouts/_header.html.erb (1.4ms)
Rendered layouts/_footer.html.erb (0.4ms)
Rendered girls/show.html.erb within layouts/application (13.6ms)
Completed 200 OK in 56ms (Views: 32.9ms | ActiveRecord: 16.6ms)


Started GET "/" for 127.0.0.1 at Sat Sep 24 14:23:34 -0600 2011
  Processing by GirlsController#index as HTML
  [1m[35mGirl Load (29.1ms)[0m  SELECT "girls".* FROM "girls" ORDER BY RANDOM() LIMIT 2
Rendered layouts/_menwomen.html.erb (1.0ms)
Rendered girls/_vote.html.erb (5.3ms)
Rendered layouts/_header.html.erb (1.6ms)
Rendered layouts/_footer.html.erb (0.2ms)
Rendered girls/index.html.erb within layouts/application (18.7ms)
Completed 200 OK in 60ms (Views: 26.2ms | ActiveRecord: 29.1ms)


Started PUT "/girls/update/2144/1537" for 127.0.0.1 at Sat Sep 24 14:23:40 -0600 2011
  Processing by GirlsController#update as JS
  Parameters: {"lose"=>"1537", "win"=>"2144"}
  [1m[36mGirl Load (0.2ms)[0m  [1mSELECT "girls".* FROM "girls" WHERE ("girls"."id" = 2144) LIMIT 1[0m
  [1m[35mGirl Load (0.2ms)[0m  SELECT "girls".* FROM "girls" WHERE ("girls"."id" = 1537) LIMIT 1
  [1m[36mAREL (0.3ms)[0m  [1mUPDATE "girls" SET "score" = 1425, "updated_at" = '2011-09-24 20:23:40.585007' WHERE ("girls"."id" = 2144)[0m
  [1m[35mAREL (0.3ms)[0m  UPDATE "girls" SET "score" = 1374, "updated_at" = '2011-09-24 20:23:40.590401' WHERE ("girls"."id" = 1537)
  [1m[36mGirl Load (3.5ms)[0m  [1mSELECT "girls".* FROM "girls" ORDER BY RANDOM() LIMIT 2[0m
Rendered girls/_vote.html.erb (1.8ms)
Rendered girls/update.js.erb (8.1ms)
Completed 200 OK in 41ms (Views: 17.0ms | ActiveRecord: 4.5ms)


Started PUT "/girls/update/2350/1987" for 127.0.0.1 at Sat Sep 24 14:23:41 -0600 2011
  Processing by GirlsController#update as JS
  Parameters: {"lose"=>"1987", "win"=>"2350"}
  [1m[35mGirl Load (0.2ms)[0m  SELECT "girls".* FROM "girls" WHERE ("girls"."id" = 2350) LIMIT 1
  [1m[36mGirl Load (0.1ms)[0m  [1mSELECT "girls".* FROM "girls" WHERE ("girls"."id" = 1987) LIMIT 1[0m
  [1m[35mAREL (9.8ms)[0m  UPDATE "girls" SET "updated_at" = '2011-09-24 20:23:41.825102', "score" = 1425 WHERE ("girls"."id" = 2350)
  [1m[36mAREL (310.8ms)[0m  [1mUPDATE "girls" SET "updated_at" = '2011-09-24 20:23:41.844826', "score" = 1374 WHERE ("girls"."id" = 1987)[0m
  [1m[35mGirl Load (3.7ms)[0m  SELECT "girls".* FROM "girls" ORDER BY RANDOM() LIMIT 2
Rendered girls/_vote.html.erb (1.8ms)
Rendered girls/update.js.erb (8.1ms)
Completed 200 OK in 365ms (Views: 16.6ms | ActiveRecord: 324.6ms)


Started PUT "/girls/update/1710/1655" for 127.0.0.1 at Sat Sep 24 14:23:43 -0600 2011
  Processing by GirlsController#update as JS
  Parameters: {"lose"=>"1655", "win"=>"1710"}
  [1m[36mGirl Load (0.2ms)[0m  [1mSELECT "girls".* FROM "girls" WHERE ("girls"."id" = 1710) LIMIT 1[0m
  [1m[35mGirl Load (0.2ms)[0m  SELECT "girls".* FROM "girls" WHERE ("girls"."id" = 1655) LIMIT 1
  [1m[36mAREL (0.4ms)[0m  [1mUPDATE "girls" SET "updated_at" = '2011-09-24 20:23:43.378297', "score" = 1402 WHERE ("girls"."id" = 1710)[0m
  [1m[35mAREL (0.4ms)[0m  UPDATE "girls" SET "updated_at" = '2011-09-24 20:23:43.383471', "score" = 1372 WHERE ("girls"."id" = 1655)
  [1m[36mGirl Load (3.7ms)[0m  [1mSELECT "girls".* FROM "girls" ORDER BY RANDOM() LIMIT 2[0m
Rendered girls/_vote.html.erb (1.8ms)
Rendered girls/update.js.erb (8.2ms)
Completed 200 OK in 38ms (Views: 14.2ms | ActiveRecord: 4.8ms)


Started PUT "/girls/update/1881/1671" for 127.0.0.1 at Sat Sep 24 14:23:45 -0600 2011
  Processing by GirlsController#update as JS
  Parameters: {"lose"=>"1671", "win"=>"1881"}
  [1m[35mGirl Load (0.2ms)[0m  SELECT "girls".* FROM "girls" WHERE ("girls"."id" = 1881) LIMIT 1
  [1m[36mGirl Load (0.1ms)[0m  [1mSELECT "girls".* FROM "girls" WHERE ("girls"."id" = 1671) LIMIT 1[0m
  [1m[35mAREL (0.3ms)[0m  UPDATE "girls" SET "updated_at" = '2011-09-24 20:23:45.241450', "score" = 1425 WHERE ("girls"."id" = 1881)
  [1m[36mAREL (0.3ms)[0m  [1mUPDATE "girls" SET "updated_at" = '2011-09-24 20:23:45.246960', "score" = 1374 WHERE ("girls"."id" = 1671)[0m
  [1m[35mGirl Load (3.7ms)[0m  SELECT "girls".* FROM "girls" ORDER BY RANDOM() LIMIT 2
Rendered girls/_vote.html.erb (1.7ms)
Rendered girls/update.js.erb (8.2ms)
Completed 200 OK in 38ms (Views: 14.8ms | ActiveRecord: 4.6ms)


Started PUT "/girls/update/1816/1588" for 127.0.0.1 at Sat Sep 24 14:23:46 -0600 2011
  Processing by GirlsController#update as JS
  Parameters: {"lose"=>"1588", "win"=>"1816"}
  [1m[36mGirl Load (0.2ms)[0m  [1mSELECT "girls".* FROM "girls" WHERE ("girls"."id" = 1816) LIMIT 1[0m
  [1m[35mGirl Load (0.1ms)[0m  SELECT "girls".* FROM "girls" WHERE ("girls"."id" = 1588) LIMIT 1
  [1m[36mAREL (0.3ms)[0m  [1mUPDATE "girls" SET "updated_at" = '2011-09-24 20:23:46.423718', "score" = 1427 WHERE ("girls"."id" = 1816)[0m
  [1m[35mAREL (0.3ms)[0m  UPDATE "girls" SET "updated_at" = '2011-09-24 20:23:46.428786', "score" = 1397 WHERE ("girls"."id" = 1588)
  [1m[36mGirl Load (3.6ms)[0m  [1mSELECT "girls".* FROM "girls" ORDER BY RANDOM() LIMIT 2[0m
Rendered girls/_vote.html.erb (79.6ms)
Rendered girls/update.js.erb (86.1ms)
Completed 200 OK in 115ms (Views: 92.6ms | ActiveRecord: 4.6ms)


Started PUT "/girls/update/1963/1344" for 127.0.0.1 at Sat Sep 24 14:23:47 -0600 2011
  Processing by GirlsController#update as JS
  Parameters: {"lose"=>"1344", "win"=>"1963"}
  [1m[35mGirl Load (0.2ms)[0m  SELECT "girls".* FROM "girls" WHERE ("girls"."id" = 1963) LIMIT 1
  [1m[36mGirl Load (0.1ms)[0m  [1mSELECT "girls".* FROM "girls" WHERE ("girls"."id" = 1344) LIMIT 1[0m
  [1m[35mAREL (0.3ms)[0m  UPDATE "girls" SET "score" = 1425, "updated_at" = '2011-09-24 20:23:47.720090' WHERE ("girls"."id" = 1963)
  [1m[36mAREL (0.3ms)[0m  [1mUPDATE "girls" SET "score" = 1374, "updated_at" = '2011-09-24 20:23:47.724944' WHERE ("girls"."id" = 1344)[0m
  [1m[35mGirl Load (3.5ms)[0m  SELECT "girls".* FROM "girls" ORDER BY RANDOM() LIMIT 2
Rendered girls/_vote.html.erb (1.8ms)
Rendered girls/update.js.erb (7.9ms)
Completed 200 OK in 37ms (Views: 14.8ms | ActiveRecord: 4.4ms)


Started PUT "/girls/update/1960/1638" for 127.0.0.1 at Sat Sep 24 14:23:48 -0600 2011
  Processing by GirlsController#update as JS
  Parameters: {"lose"=>"1638", "win"=>"1960"}
  [1m[36mGirl Load (0.2ms)[0m  [1mSELECT "girls".* FROM "girls" WHERE ("girls"."id" = 1960) LIMIT 1[0m
  [1m[35mGirl Load (0.1ms)[0m  SELECT "girls".* FROM "girls" WHERE ("girls"."id" = 1638) LIMIT 1
  [1m[36mAREL (0.3ms)[0m  [1mUPDATE "girls" SET "score" = 1423, "updated_at" = '2011-09-24 20:23:48.784038' WHERE ("girls"."id" = 1960)[0m
  [1m[35mAREL (0.4ms)[0m  UPDATE "girls" SET "score" = 1350, "updated_at" = '2011-09-24 20:23:48.789783' WHERE ("girls"."id" = 1638)
  [1m[36mGirl Load (3.6ms)[0m  [1mSELECT "girls".* FROM "girls" ORDER BY RANDOM() LIMIT 2[0m
Rendered girls/_vote.html.erb (1.7ms)
Rendered girls/update.js.erb (7.9ms)
Completed 200 OK in 38ms (Views: 14.8ms | ActiveRecord: 4.6ms)


Started GET "/" for 127.0.0.1 at Sat Sep 24 14:27:01 -0600 2011
  Processing by GirlsController#index as HTML
  [1m[35mGirl Load (100.0ms)[0m  SELECT "girls".* FROM "girls" ORDER BY RANDOM() LIMIT 2
Rendered layouts/_menwomen.html.erb (191.9ms)
Rendered girls/_vote.html.erb (294.7ms)
Rendered layouts/_header.html.erb (1.3ms)
Rendered layouts/_footer.html.erb (0.3ms)
Rendered girls/index.html.erb within layouts/application (682.5ms)
Completed 200 OK in 1020ms (Views: 884.6ms | ActiveRecord: 100.0ms)


Started GET "/winners" for 127.0.0.1 at Sat Sep 24 14:27:34 -0600 2011
  Processing by WinnersController#index as HTML
  [1m[36mGirl Load (4.5ms)[0m  [1mSELECT "girls".* FROM "girls" ORDER BY score DESC LIMIT 5 OFFSET 0[0m
  [1m[35mSQL (0.2ms)[0m  SELECT COUNT(*) FROM "girls"
  [1m[36mGuys Load (3.2ms)[0m  [1mSELECT "guys".* FROM "guys" ORDER BY score DESC LIMIT 5 OFFSET 0[0m
  [1m[35mSQL (0.3ms)[0m  SELECT COUNT(*) FROM "guys"
Rendered layouts/_header.html.erb (1.5ms)
Rendered layouts/_footer.html.erb (0.3ms)
Rendered winners/index.html.erb within layouts/application (85.2ms)
Completed 200 OK in 290ms (Views: 199.7ms | ActiveRecord: 8.2ms)


Started GET "/" for 127.0.0.1 at Sat Sep 24 14:27:39 -0600 2011
  Processing by GirlsController#index as HTML
  [1m[36mGirl Load (3.8ms)[0m  [1mSELECT "girls".* FROM "girls" ORDER BY RANDOM() LIMIT 2[0m
Rendered layouts/_menwomen.html.erb (1.8ms)
Rendered girls/_vote.html.erb (7.6ms)
Rendered layouts/_header.html.erb (1.9ms)
Rendered layouts/_footer.html.erb (0.4ms)
Rendered girls/index.html.erb within layouts/application (25.0ms)
Completed 200 OK in 44ms (Views: 31.2ms | ActiveRecord: 3.8ms)


Started POST "/girls/update/1548/2240" for 127.0.0.1 at Sat Sep 24 14:32:50 -0600 2011
  Processing by GirlsController#update as JS
  Parameters: {"lose"=>"2240", "win"=>"1548"}
  [1m[35mGirl Load (21.7ms)[0m  SELECT "girls".* FROM "girls" WHERE ("girls"."id" = 1548) LIMIT 1
  [1m[36mGirl Load (0.2ms)[0m  [1mSELECT "girls".* FROM "girls" WHERE ("girls"."id" = 2240) LIMIT 1[0m
  [1m[35mAREL (0.4ms)[0m  UPDATE "girls" SET "score" = 1422, "updated_at" = '2011-09-24 20:32:50.716133' WHERE ("girls"."id" = 1548)
  [1m[36mAREL (0.7ms)[0m  [1mUPDATE "girls" SET "score" = 1348, "updated_at" = '2011-09-24 20:32:50.748505' WHERE ("girls"."id" = 2240)[0m
  [1m[35mGirl Load (30.8ms)[0m  SELECT "girls".* FROM "girls" ORDER BY RANDOM() LIMIT 2
Rendered girls/_vote.html.erb (21.8ms)
Rendered girls/update.js.erb (55.9ms)
Completed 200 OK in 159ms (Views: 37.9ms | ActiveRecord: 53.8ms)


Started GET "/" for 127.0.0.1 at Sat Sep 24 14:40:46 -0600 2011
  Processing by GirlsController#index as HTML
  [1m[36mGirl Load (19.0ms)[0m  [1mSELECT "girls".* FROM "girls" ORDER BY RANDOM() LIMIT 2[0m
Rendered layouts/_menwomen.html.erb (1.0ms)
Rendered girls/_vote.html.erb (5.8ms)
Rendered layouts/_header.html.erb (1.4ms)
Rendered layouts/_footer.html.erb (0.3ms)
Rendered girls/index.html.erb within layouts/application (18.9ms)
Completed 200 OK in 49ms (Views: 24.6ms | ActiveRecord: 19.0ms)


Started GET "/winners" for 127.0.0.1 at Sat Sep 24 14:53:23 -0600 2011
  Processing by WinnersController#index as HTML
  [1m[36mGirl Load (4.0ms)[0m  [1mSELECT "girls".* FROM "girls" ORDER BY score DESC LIMIT 5 OFFSET 0[0m
  [1m[35mSQL (0.1ms)[0m  SELECT COUNT(*) FROM "girls"
  [1m[36mGuys Load (3.6ms)[0m  [1mSELECT "guys".* FROM "guys" ORDER BY score DESC LIMIT 5 OFFSET 0[0m
  [1m[35mSQL (0.1ms)[0m  SELECT COUNT(*) FROM "guys"
Rendered layouts/_header.html.erb (1.3ms)
Rendered layouts/_footer.html.erb (0.3ms)
Rendered winners/index.html.erb within layouts/application (104.8ms)
Completed 200 OK in 120ms (Views: 102.3ms | ActiveRecord: 7.8ms)


Started GET "/" for 127.0.0.1 at Sat Sep 24 14:53:55 -0600 2011
  Processing by GirlsController#index as HTML
  [1m[36mGirl Load (4.0ms)[0m  [1mSELECT "girls".* FROM "girls" ORDER BY RANDOM() LIMIT 2[0m
Rendered layouts/_menwomen.html.erb (1.3ms)
Rendered girls/_vote.html.erb (7.3ms)
Rendered layouts/_header.html.erb (1.1ms)
Rendered layouts/_footer.html.erb (0.2ms)
Rendered girls/index.html.erb within layouts/application (19.0ms)
Completed 200 OK in 34ms (Views: 24.8ms | ActiveRecord: 4.0ms)


Started GET "/guys" for 127.0.0.1 at Sat Sep 24 14:53:56 -0600 2011
  Processing by GuysController#index as HTML
  [1m[35mGuys Load (2.9ms)[0m  SELECT "guys".* FROM "guys" ORDER BY RANDOM() LIMIT 2
Rendered layouts/_menwomen.html.erb (0.9ms)
Rendered guys/_vote.html.erb (5.6ms)
Rendered layouts/_header.html.erb (1.3ms)
Rendered layouts/_footer.html.erb (0.2ms)
Rendered guys/index.html.erb within layouts/application (17.0ms)
Completed 200 OK in 45ms (Views: 37.3ms | ActiveRecord: 2.9ms)


Started GET "/winners" for 127.0.0.1 at Sat Sep 24 14:53:58 -0600 2011
  Processing by WinnersController#index as HTML
  [1m[36mGirl Load (3.8ms)[0m  [1mSELECT "girls".* FROM "girls" ORDER BY score DESC LIMIT 5 OFFSET 0[0m
  [1m[35mSQL (0.1ms)[0m  SELECT COUNT(*) FROM "girls"
  [1m[36mGuys Load (2.6ms)[0m  [1mSELECT "guys".* FROM "guys" ORDER BY score DESC LIMIT 5 OFFSET 0[0m
  [1m[35mSQL (0.1ms)[0m  SELECT COUNT(*) FROM "guys"
Rendered layouts/_header.html.erb (1.2ms)
Rendered layouts/_footer.html.erb (0.3ms)
Rendered winners/index.html.erb within layouts/application (36.9ms)
Completed 200 OK in 125ms (Views: 34.8ms | ActiveRecord: 6.6ms)


Started GET "/winners" for 127.0.0.1 at Sat Sep 24 14:54:56 -0600 2011
  Processing by WinnersController#index as HTML
  [1m[36mGirl Load (4.2ms)[0m  [1mSELECT "girls".* FROM "girls" ORDER BY score DESC LIMIT 5 OFFSET 0[0m
  [1m[35mSQL (0.2ms)[0m  SELECT COUNT(*) FROM "girls"
  [1m[36mGuys Load (2.8ms)[0m  [1mSELECT "guys".* FROM "guys" ORDER BY score DESC LIMIT 5 OFFSET 0[0m
  [1m[35mSQL (0.1ms)[0m  SELECT COUNT(*) FROM "guys"
Rendered layouts/_header.html.erb (1.3ms)
Rendered layouts/_footer.html.erb (0.3ms)
Rendered winners/index.html.erb within layouts/application (38.9ms)
Completed 200 OK in 53ms (Views: 36.4ms | ActiveRecord: 7.3ms)
  [1m[36mGirl Load (36.3ms)[0m  [1mSELECT "girls".* FROM "girls"[0m
  [1m[35mGirl Load (114.9ms)[0m  SELECT "girls".* FROM "girls"


Started GET "/" for 127.0.0.1 at Sat Sep 24 14:59:51 -0600 2011
  Processing by GirlsController#index as HTML
  [1m[36mGirl Load (4.0ms)[0m  [1mSELECT "girls".* FROM "girls" ORDER BY RANDOM() LIMIT 2[0m
Rendered layouts/_menwomen.html.erb (0.9ms)
Rendered girls/_vote.html.erb (6.3ms)
Rendered layouts/_header.html.erb (1.6ms)
Rendered layouts/_footer.html.erb (0.3ms)
Rendered girls/index.html.erb within layouts/application (19.0ms)
Completed 200 OK in 39ms (Views: 30.4ms | ActiveRecord: 4.0ms)


Started GET "/winners" for 127.0.0.1 at Sat Sep 24 14:59:52 -0600 2011
  Processing by WinnersController#index as HTML
  [1m[35mGirl Load (5.1ms)[0m  SELECT "girls".* FROM "girls" ORDER BY score DESC LIMIT 5 OFFSET 0
  [1m[36mSQL (0.2ms)[0m  [1mSELECT COUNT(*) FROM "girls"[0m
  [1m[35mGuys Load (2.9ms)[0m  SELECT "guys".* FROM "guys" ORDER BY score DESC LIMIT 5 OFFSET 0
  [1m[36mSQL (0.9ms)[0m  [1mSELECT COUNT(*) FROM "guys"[0m
Rendered layouts/_header.html.erb (83.6ms)
Rendered layouts/_footer.html.erb (0.7ms)
Rendered winners/index.html.erb within layouts/application (125.6ms)
Completed 200 OK in 167ms (Views: 147.2ms | ActiveRecord: 9.0ms)


Started GET "/" for 127.0.0.1 at Sat Sep 24 14:59:53 -0600 2011
  Processing by GirlsController#index as HTML
  [1m[35mGirl Load (3.8ms)[0m  SELECT "girls".* FROM "girls" ORDER BY RANDOM() LIMIT 2
Rendered layouts/_menwomen.html.erb (0.9ms)
Rendered girls/_vote.html.erb (5.8ms)
Rendered layouts/_header.html.erb (1.2ms)
Rendered layouts/_footer.html.erb (0.2ms)
Rendered girls/index.html.erb within layouts/application (16.7ms)
Completed 200 OK in 30ms (Views: 21.4ms | ActiveRecord: 3.8ms)


Started GET "/winners" for 127.0.0.1 at Sat Sep 24 14:59:54 -0600 2011
  Processing by WinnersController#index as HTML
  [1m[36mGirl Load (3.6ms)[0m  [1mSELECT "girls".* FROM "girls" ORDER BY score DESC LIMIT 5 OFFSET 0[0m
  [1m[35mSQL (0.1ms)[0m  SELECT COUNT(*) FROM "girls"
  [1m[36mGuys Load (2.6ms)[0m  [1mSELECT "guys".* FROM "guys" ORDER BY score DESC LIMIT 5 OFFSET 0[0m
  [1m[35mSQL (0.1ms)[0m  SELECT COUNT(*) FROM "guys"
Rendered layouts/_header.html.erb (1.2ms)
Rendered layouts/_footer.html.erb (0.2ms)
Rendered winners/index.html.erb within layouts/application (35.9ms)
Completed 200 OK in 49ms (Views: 34.3ms | ActiveRecord: 6.4ms)


Started GET "/winners" for 127.0.0.1 at Sat Sep 24 15:26:10 -0600 2011
  Processing by WinnersController#index as HTML
  [1m[36mGirl Load (5.0ms)[0m  [1mSELECT "girls".* FROM "girls" ORDER BY score DESC LIMIT 5 OFFSET 0[0m
  [1m[35mSQL (0.2ms)[0m  SELECT COUNT(*) FROM "girls"
  [1m[36mGuys Load (3.8ms)[0m  [1mSELECT "guys".* FROM "guys" ORDER BY score DESC LIMIT 5 OFFSET 0[0m
  [1m[35mSQL (0.2ms)[0m  SELECT COUNT(*) FROM "guys"
Rendered layouts/_header.html.erb (1.6ms)
Rendered layouts/_footer.html.erb (0.5ms)
Rendered winners/index.html.erb within layouts/application (56.4ms)
Completed 200 OK in 75ms (Views: 53.6ms | ActiveRecord: 9.2ms)


Started GET "/check" for 127.0.0.1 at Sat Sep 24 15:26:13 -0600 2011
  Processing by CheckController#index as HTML
DEPRECATION WARNING: <% %> style block helpers are deprecated. Please use <%= %>. (called from _app_views_check_index_html_erb__1253703573_2176301660_0 at /Users/Jordan/Desktop/tester/app/views/check/index.html.erb:11)
Rendered layouts/_header.html.erb (1.2ms)
Rendered layouts/_footer.html.erb (0.2ms)
Rendered check/index.html.erb within layouts/application (8.9ms)
Completed 200 OK in 15ms (Views: 14.2ms | ActiveRecord: 0.0ms)


Started GET "/check" for 127.0.0.1 at Sat Sep 24 15:26:42 -0600 2011
  Processing by CheckController#index as HTML
DEPRECATION WARNING: <% %> style block helpers are deprecated. Please use <%= %>. (called from _app_views_check_index_html_erb__1253703573_2199404120_0 at /Users/Jordan/Desktop/tester/app/views/check/index.html.erb:11)
Rendered layouts/_header.html.erb (1.2ms)
Rendered layouts/_footer.html.erb (0.2ms)
Rendered check/index.html.erb within layouts/application (8.1ms)
Completed 200 OK in 13ms (Views: 12.8ms | ActiveRecord: 0.0ms)


Started GET "/check" for 127.0.0.1 at Sat Sep 24 15:26:45 -0600 2011
  Processing by CheckController#index as HTML
DEPRECATION WARNING: <% %> style block helpers are deprecated. Please use <%= %>. (called from _app_views_check_index_html_erb__1253703573_2200096920_0 at /Users/Jordan/Desktop/tester/app/views/check/index.html.erb:11)
Rendered layouts/_header.html.erb (1.4ms)
Rendered layouts/_footer.html.erb (0.3ms)
Rendered check/index.html.erb within layouts/application (8.9ms)
Completed 200 OK in 14ms (Views: 13.8ms | ActiveRecord: 0.0ms)


Started GET "/winners" for 127.0.0.1 at Sat Sep 24 15:26:48 -0600 2011
  Processing by WinnersController#index as HTML
  [1m[36mGirl Load (3.7ms)[0m  [1mSELECT "girls".* FROM "girls" ORDER BY score DESC LIMIT 5 OFFSET 0[0m
  [1m[35mSQL (0.1ms)[0m  SELECT COUNT(*) FROM "girls"
  [1m[36mGuys Load (2.7ms)[0m  [1mSELECT "guys".* FROM "guys" ORDER BY score DESC LIMIT 5 OFFSET 0[0m
  [1m[35mSQL (0.2ms)[0m  SELECT COUNT(*) FROM "guys"
Rendered layouts/_header.html.erb (19.7ms)
Rendered layouts/_footer.html.erb (0.3ms)
Rendered winners/index.html.erb within layouts/application (56.8ms)
Completed 200 OK in 70ms (Views: 54.9ms | ActiveRecord: 6.7ms)


Started GET "/girls/1325" for 127.0.0.1 at Sat Sep 24 15:26:49 -0600 2011
  Processing by GirlsController#show as HTML
  Parameters: {"id"=>"1325"}
  [1m[36mSQL (0.5ms)[0m  [1m SELECT name
 FROM sqlite_master
 WHERE type = 'table' AND NOT name = 'sqlite_sequence'
[0m
  [1m[35mGirl Load (0.2ms)[0m  SELECT "girls".* FROM "girls" WHERE ("girls"."id" = 1325) LIMIT 1
Rendered layouts/_header.html.erb (1.3ms)
Rendered layouts/_footer.html.erb (0.3ms)
Rendered girls/show.html.erb within layouts/application (11.9ms)
Completed 200 OK in 24ms (Views: 17.2ms | ActiveRecord: 0.7ms)


Started GET "/winners" for 127.0.0.1 at Sat Sep 24 15:26:52 -0600 2011
  Processing by WinnersController#index as HTML
  [1m[36mGirl Load (3.8ms)[0m  [1mSELECT "girls".* FROM "girls" ORDER BY score DESC LIMIT 5 OFFSET 0[0m
  [1m[35mSQL (0.1ms)[0m  SELECT COUNT(*) FROM "girls"
  [1m[36mGuys Load (3.0ms)[0m  [1mSELECT "guys".* FROM "guys" ORDER BY score DESC LIMIT 5 OFFSET 0[0m
  [1m[35mSQL (0.2ms)[0m  SELECT COUNT(*) FROM "guys"
Rendered layouts/_header.html.erb (1.3ms)
Rendered layouts/_footer.html.erb (0.3ms)
Rendered winners/index.html.erb within layouts/application (50.9ms)
Completed 200 OK in 65ms (Views: 48.7ms | ActiveRecord: 7.2ms)


Started GET "/girls/2426" for 127.0.0.1 at Sat Sep 24 15:26:53 -0600 2011
  Processing by GirlsController#show as HTML
  Parameters: {"id"=>"2426"}
  [1m[36mGirl Load (0.2ms)[0m  [1mSELECT "girls".* FROM "girls" WHERE ("girls"."id" = 2426) LIMIT 1[0m
Rendered layouts/_header.html.erb (1.3ms)
Rendered layouts/_footer.html.erb (0.2ms)
Rendered girls/show.html.erb within layouts/application (12.1ms)
Completed 200 OK in 23ms (Views: 17.2ms | ActiveRecord: 0.2ms)


Started GET "/girls/2426" for 127.0.0.1 at Sat Sep 24 15:27:11 -0600 2011
  Processing by GirlsController#show as HTML
  Parameters: {"id"=>"2426"}
  [1m[35mGirl Load (0.3ms)[0m  SELECT "girls".* FROM "girls" WHERE ("girls"."id" = 2426) LIMIT 1
Rendered layouts/_header.html.erb (1.7ms)
Rendered layouts/_footer.html.erb (0.5ms)
Rendered girls/show.html.erb within layouts/application (17.6ms)
Completed 200 OK in 32ms (Views: 24.8ms | ActiveRecord: 0.3ms)


Started GET "/winners" for 127.0.0.1 at Sat Sep 24 15:27:13 -0600 2011
  Processing by WinnersController#index as HTML
  [1m[36mGirl Load (4.6ms)[0m  [1mSELECT "girls".* FROM "girls" ORDER BY score DESC LIMIT 5 OFFSET 0[0m
  [1m[35mSQL (0.2ms)[0m  SELECT COUNT(*) FROM "girls"
  [1m[36mGuys Load (3.1ms)[0m  [1mSELECT "guys".* FROM "guys" ORDER BY score DESC LIMIT 5 OFFSET 0[0m
  [1m[35mSQL (0.2ms)[0m  SELECT COUNT(*) FROM "guys"
Rendered layouts/_header.html.erb (1.3ms)
Rendered layouts/_footer.html.erb (0.2ms)
Rendered winners/index.html.erb within layouts/application (40.2ms)
Completed 200 OK in 56ms (Views: 37.2ms | ActiveRecord: 8.1ms)


Started GET "/guys/714" for 127.0.0.1 at Sat Sep 24 15:27:14 -0600 2011
  Processing by GuysController#show as HTML
  Parameters: {"id"=>"714"}
  [1m[36mGuys Load (0.2ms)[0m  [1mSELECT "guys".* FROM "guys" WHERE ("guys"."id" = 714) LIMIT 1[0m
Rendered layouts/_header.html.erb (1.3ms)
Rendered layouts/_footer.html.erb (0.3ms)
Rendered guys/show.html.erb within layouts/application (13.6ms)
Completed 200 OK in 26ms (Views: 19.7ms | ActiveRecord: 0.2ms)


Started GET "/guys/714" for 127.0.0.1 at Sat Sep 24 15:29:34 -0600 2011
  Processing by GuysController#show as HTML
  Parameters: {"id"=>"714"}
  [1m[35mGuys Load (0.2ms)[0m  SELECT "guys".* FROM "guys" WHERE ("guys"."id" = 714) LIMIT 1
Rendered layouts/_header.html.erb (1.2ms)
Rendered layouts/_footer.html.erb (0.2ms)
Rendered guys/show.html.erb within layouts/application (12.1ms)
Completed 200 OK in 23ms (Views: 16.7ms | ActiveRecord: 0.2ms)


Started GET "/guys/714" for 127.0.0.1 at Sat Sep 24 15:30:16 -0600 2011
  Processing by GuysController#show as HTML
  Parameters: {"id"=>"714"}
  [1m[36mGuys Load (0.2ms)[0m  [1mSELECT "guys".* FROM "guys" WHERE ("guys"."id" = 714) LIMIT 1[0m
Rendered layouts/_header.html.erb (1.4ms)
Rendered layouts/_footer.html.erb (0.3ms)
Rendered guys/show.html.erb within layouts/application (12.0ms)
Completed 200 OK in 23ms (Views: 17.1ms | ActiveRecord: 0.2ms)


Started GET "/guys/714" for 127.0.0.1 at Sat Sep 24 15:32:07 -0600 2011
  Processing by GuysController#show as HTML
  Parameters: {"id"=>"714"}
  [1m[35mGuys Load (0.2ms)[0m  SELECT "guys".* FROM "guys" WHERE ("guys"."id" = 714) LIMIT 1
Rendered layouts/_header.html.erb (1.6ms)
Rendered layouts/_footer.html.erb (0.3ms)
Rendered guys/show.html.erb within layouts/application (177.7ms)
Completed 200 OK in 189ms (Views: 182.8ms | ActiveRecord: 0.2ms)


Started GET "/guys/714" for 127.0.0.1 at Sat Sep 24 15:32:30 -0600 2011
  Processing by GuysController#show as HTML
  Parameters: {"id"=>"714"}
  [1m[36mGuys Load (0.2ms)[0m  [1mSELECT "guys".* FROM "guys" WHERE ("guys"."id" = 714) LIMIT 1[0m
Rendered layouts/_header.html.erb (1.5ms)
Rendered layouts/_footer.html.erb (0.5ms)
Rendered guys/show.html.erb within layouts/application (12.9ms)
Completed 200 OK in 40ms (Views: 19.1ms | ActiveRecord: 0.2ms)


Started GET "/" for 127.0.0.1 at Sat Sep 24 15:35:33 -0600 2011
  Processing by GirlsController#index as HTML
  [1m[35mGirl Load (3.9ms)[0m  SELECT "girls".* FROM "girls" ORDER BY RANDOM() LIMIT 2
Rendered layouts/_menwomen.html.erb (0.9ms)
Rendered girls/_vote.html.erb (5.5ms)
Rendered layouts/_header.html.erb (1.6ms)
Rendered layouts/_footer.html.erb (0.2ms)
Rendered girls/index.html.erb within layouts/application (17.0ms)
Completed 200 OK in 31ms (Views: 21.9ms | ActiveRecord: 3.9ms)


Started POST "/girls/update/2469/1455" for 127.0.0.1 at Sat Sep 24 15:35:35 -0600 2011
  Processing by GirlsController#update as JS
  Parameters: {"lose"=>"1455", "win"=>"2469"}
  [1m[36mGirl Load (0.2ms)[0m  [1mSELECT "girls".* FROM "girls" WHERE ("girls"."id" = 2469) LIMIT 1[0m
  [1m[35mGirl Load (0.1ms)[0m  SELECT "girls".* FROM "girls" WHERE ("girls"."id" = 1455) LIMIT 1
  [1m[36mAREL (0.3ms)[0m  [1mUPDATE "girls" SET "updated_at" = '2011-09-24 21:35:35.558211', "score" = 1447 WHERE ("girls"."id" = 2469)[0m
  [1m[35mAREL (0.4ms)[0m  UPDATE "girls" SET "updated_at" = '2011-09-24 21:35:36.090445', "score" = 1376 WHERE ("girls"."id" = 1455)
  [1m[36mGirl Load (3.9ms)[0m  [1mSELECT "girls".* FROM "girls" ORDER BY RANDOM() LIMIT 2[0m
Rendered girls/_vote.html.erb (1.9ms)
Rendered girls/update.js.erb (8.6ms)
Completed 200 OK in 3235ms (Views: 2325.2ms | ActiveRecord: 4.9ms)


Started POST "/girls/update/2469/1455" for 127.0.0.1 at Sat Sep 24 15:35:38 -0600 2011
  Processing by GirlsController#update as JS
  Parameters: {"lose"=>"1455", "win"=>"2469"}
  [1m[35mGirl Load (0.2ms)[0m  SELECT "girls".* FROM "girls" WHERE ("girls"."id" = 2469) LIMIT 1
  [1m[36mGirl Load (0.1ms)[0m  [1mSELECT "girls".* FROM "girls" WHERE ("girls"."id" = 1455) LIMIT 1[0m
  [1m[35mAREL (0.3ms)[0m  UPDATE "girls" SET "updated_at" = '2011-09-24 21:35:38.962172', "score" = 1465 WHERE ("girls"."id" = 2469)
  [1m[36mAREL (0.3ms)[0m  [1mUPDATE "girls" SET "updated_at" = '2011-09-24 21:35:39.286230', "score" = 1356 WHERE ("girls"."id" = 1455)[0m
  [1m[35mGirl Load (4.0ms)[0m  SELECT "girls".* FROM "girls" ORDER BY RANDOM() LIMIT 2
Rendered girls/_vote.html.erb (2.0ms)
Rendered girls/update.js.erb (8.9ms)
Completed 200 OK in 670ms (Views: 13.9ms | ActiveRecord: 5.0ms)


Started GET "/winners" for 127.0.0.1 at Sat Sep 24 15:38:34 -0600 2011
  Processing by WinnersController#index as HTML
  [1m[36mGirl Load (3.6ms)[0m  [1mSELECT "girls".* FROM "girls" ORDER BY score DESC LIMIT 5 OFFSET 0[0m
  [1m[35mSQL (0.1ms)[0m  SELECT COUNT(*) FROM "girls"
  [1m[36mGuys Load (2.5ms)[0m  [1mSELECT "guys".* FROM "guys" ORDER BY score DESC LIMIT 5 OFFSET 0[0m
  [1m[35mSQL (0.2ms)[0m  SELECT COUNT(*) FROM "guys"
Rendered layouts/_header.html.erb (1.4ms)
Rendered layouts/_footer.html.erb (0.2ms)
Rendered winners/index.html.erb within layouts/application (36.5ms)
Completed 200 OK in 50ms (Views: 34.8ms | ActiveRecord: 6.5ms)


Started GET "/winners" for 127.0.0.1 at Sat Sep 24 15:38:37 -0600 2011
  Processing by WinnersController#index as HTML
  [1m[36mGirl Load (3.8ms)[0m  [1mSELECT "girls".* FROM "girls" ORDER BY score DESC LIMIT 5 OFFSET 0[0m
  [1m[35mSQL (0.2ms)[0m  SELECT COUNT(*) FROM "girls"
  [1m[36mGuys Load (2.5ms)[0m  [1mSELECT "guys".* FROM "guys" ORDER BY score DESC LIMIT 5 OFFSET 0[0m
  [1m[35mSQL (0.1ms)[0m  SELECT COUNT(*) FROM "guys"
Rendered layouts/_header.html.erb (1.6ms)
Rendered layouts/_footer.html.erb (0.3ms)
Rendered winners/index.html.erb within layouts/application (37.2ms)
Completed 200 OK in 50ms (Views: 35.2ms | ActiveRecord: 6.7ms)


Started GET "/" for 127.0.0.1 at Sun Sep 25 00:38:24 -0600 2011
  Processing by GirlsController#index as HTML
  [1m[36mGirl Load (5.7ms)[0m  [1mSELECT "girls".* FROM "girls" ORDER BY RANDOM() LIMIT 2[0m
Rendered layouts/_menwomen.html.erb (1.1ms)
Rendered girls/_vote.html.erb (7.6ms)
Rendered layouts/_header.html.erb (1.3ms)
Rendered layouts/_footer.html.erb (0.4ms)
Rendered girls/index.html.erb within layouts/application (52.4ms)
Completed 200 OK in 89ms (Views: 67.9ms | ActiveRecord: 5.7ms)


Started POST "/girls/update/1439/2431" for 127.0.0.1 at Sun Sep 25 00:42:14 -0600 2011
  Processing by GirlsController#update as JS
  Parameters: {"lose"=>"2431", "win"=>"1439"}
  [1m[35mSQL (0.3ms)[0m   SELECT name
 FROM sqlite_master
 WHERE type = 'table' AND NOT name = 'sqlite_sequence'

  [1m[36mGirl Load (0.2ms)[0m  [1mSELECT "girls".* FROM "girls" WHERE ("girls"."id" = 1439) LIMIT 1[0m
  [1m[35mGirl Load (0.1ms)[0m  SELECT "girls".* FROM "girls" WHERE ("girls"."id" = 2431) LIMIT 1
  [1m[36mAREL (0.3ms)[0m  [1mUPDATE "girls" SET "updated_at" = '2011-09-25 06:42:14.808908', "score" = 1449 WHERE ("girls"."id" = 1439)[0m
  [1m[35mAREL (0.3ms)[0m  UPDATE "girls" SET "updated_at" = '2011-09-25 06:42:14.836370', "score" = 1377 WHERE ("girls"."id" = 2431)
  [1m[36mGirl Load (3.1ms)[0m  [1mSELECT "girls".* FROM "girls" ORDER BY RANDOM() LIMIT 2[0m
Rendered girls/_vote.html.erb (2.0ms)
Rendered girls/update.js.erb (108.3ms)
Completed 200 OK in 197ms (Views: 151.8ms | ActiveRecord: 4.3ms)


Started POST "/girls/update/1737/1973" for 127.0.0.1 at Sun Sep 25 00:42:16 -0600 2011
  Processing by GirlsController#update as JS
  Parameters: {"lose"=>"1973", "win"=>"1737"}
  [1m[35mGirl Load (0.2ms)[0m  SELECT "girls".* FROM "girls" WHERE ("girls"."id" = 1737) LIMIT 1
  [1m[36mGirl Load (0.2ms)[0m  [1mSELECT "girls".* FROM "girls" WHERE ("girls"."id" = 1973) LIMIT 1[0m
  [1m[35mAREL (0.3ms)[0m  UPDATE "girls" SET "score" = 1427, "updated_at" = '2011-09-25 06:42:16.470368' WHERE ("girls"."id" = 1737)
  [1m[36mAREL (0.3ms)[0m  [1mUPDATE "girls" SET "score" = 1397, "updated_at" = '2011-09-25 06:42:16.476101' WHERE ("girls"."id" = 1973)[0m
  [1m[35mGirl Load (3.5ms)[0m  SELECT "girls".* FROM "girls" ORDER BY RANDOM() LIMIT 2
Rendered girls/_vote.html.erb (1.9ms)
Rendered girls/update.js.erb (8.1ms)
Completed 200 OK in 38ms (Views: 14.2ms | ActiveRecord: 4.5ms)


Started POST "/girls/update/2260/1510" for 127.0.0.1 at Sun Sep 25 00:42:17 -0600 2011
  Processing by GirlsController#update as JS
  Parameters: {"lose"=>"1510", "win"=>"2260"}
  [1m[36mGirl Load (0.2ms)[0m  [1mSELECT "girls".* FROM "girls" WHERE ("girls"."id" = 2260) LIMIT 1[0m
  [1m[35mGirl Load (0.1ms)[0m  SELECT "girls".* FROM "girls" WHERE ("girls"."id" = 1510) LIMIT 1
  [1m[36mAREL (0.3ms)[0m  [1mUPDATE "girls" SET "updated_at" = '2011-09-25 06:42:17.722953', "score" = 1465 WHERE ("girls"."id" = 2260)[0m
  [1m[35mAREL (0.3ms)[0m  UPDATE "girls" SET "updated_at" = '2011-09-25 06:42:17.728227', "score" = 1354 WHERE ("girls"."id" = 1510)
  [1m[36mGirl Load (3.6ms)[0m  [1mSELECT "girls".* FROM "girls" ORDER BY RANDOM() LIMIT 2[0m
Rendered girls/_vote.html.erb (1.8ms)
Rendered girls/update.js.erb (8.0ms)
Completed 200 OK in 39ms (Views: 14.3ms | ActiveRecord: 4.6ms)


Started GET "/winners" for 127.0.0.1 at Sun Sep 25 00:42:19 -0600 2011
  Processing by WinnersController#index as HTML
  [1m[35mGirl Load (3.7ms)[0m  SELECT "girls".* FROM "girls" ORDER BY score DESC LIMIT 5 OFFSET 0
  [1m[36mSQL (0.2ms)[0m  [1mSELECT COUNT(*) FROM "girls"[0m
  [1m[35mGuys Load (2.7ms)[0m  SELECT "guys".* FROM "guys" ORDER BY score DESC LIMIT 5 OFFSET 0
  [1m[36mSQL (0.2ms)[0m  [1mSELECT COUNT(*) FROM "guys"[0m
Rendered layouts/_header.html.erb (1.9ms)
Rendered layouts/_footer.html.erb (0.3ms)
Rendered winners/index.html.erb within layouts/application (122.1ms)
Completed 200 OK in 156ms (Views: 128.4ms | ActiveRecord: 6.6ms)


Started GET "/girls/2469" for 127.0.0.1 at Sun Sep 25 00:42:27 -0600 2011
  Processing by GirlsController#show as HTML
  Parameters: {"id"=>"2469"}
  [1m[35mGirl Load (0.2ms)[0m  SELECT "girls".* FROM "girls" WHERE ("girls"."id" = 2469) LIMIT 1
Rendered layouts/_header.html.erb (1.3ms)
Rendered layouts/_footer.html.erb (0.3ms)
Rendered girls/show.html.erb within layouts/application (14.6ms)
Completed 200 OK in 39ms (Views: 33.3ms | ActiveRecord: 0.2ms)


Started GET "/winners" for 127.0.0.1 at Sun Sep 25 00:42:38 -0600 2011
  Processing by WinnersController#index as HTML
  [1m[36mGirl Load (3.8ms)[0m  [1mSELECT "girls".* FROM "girls" ORDER BY score DESC LIMIT 5 OFFSET 0[0m
  [1m[35mSQL (0.2ms)[0m  SELECT COUNT(*) FROM "girls"
  [1m[36mGuys Load (2.6ms)[0m  [1mSELECT "guys".* FROM "guys" ORDER BY score DESC LIMIT 5 OFFSET 0[0m
  [1m[35mSQL (0.1ms)[0m  SELECT COUNT(*) FROM "guys"
Rendered layouts/_header.html.erb (1.3ms)
Rendered layouts/_footer.html.erb (0.3ms)
Rendered winners/index.html.erb within layouts/application (38.7ms)
Completed 200 OK in 53ms (Views: 36.8ms | ActiveRecord: 6.7ms)


Started GET "/girls/1325" for 127.0.0.1 at Sun Sep 25 00:42:41 -0600 2011
  Processing by GirlsController#show as HTML
  Parameters: {"id"=>"1325"}
  [1m[36mGirl Load (0.2ms)[0m  [1mSELECT "girls".* FROM "girls" WHERE ("girls"."id" = 1325) LIMIT 1[0m
Rendered layouts/_header.html.erb (1.2ms)
Rendered layouts/_footer.html.erb (0.4ms)
Rendered girls/show.html.erb within layouts/application (11.9ms)
Completed 200 OK in 23ms (Views: 16.9ms | ActiveRecord: 0.2ms)


Started GET "/" for 127.0.0.1 at Sun Sep 25 00:42:49 -0600 2011
  Processing by GirlsController#index as HTML
  [1m[35mGirl Load (4.1ms)[0m  SELECT "girls".* FROM "girls" ORDER BY RANDOM() LIMIT 2
Rendered layouts/_menwomen.html.erb (0.9ms)
Rendered girls/_vote.html.erb (6.0ms)
Rendered layouts/_header.html.erb (1.4ms)
Rendered layouts/_footer.html.erb (0.3ms)
Rendered girls/index.html.erb within layouts/application (18.3ms)
Completed 200 OK in 33ms (Views: 23.6ms | ActiveRecord: 4.1ms)


Started PUT "/girls/update/1352/1320" for 127.0.0.1 at Sun Sep 25 00:42:52 -0600 2011
  Processing by GirlsController#update as JS
  Parameters: {"lose"=>"1320", "win"=>"1352"}
  [1m[36mGirl Load (0.2ms)[0m  [1mSELECT "girls".* FROM "girls" WHERE ("girls"."id" = 1352) LIMIT 1[0m
  [1m[35mGirl Load (0.1ms)[0m  SELECT "girls".* FROM "girls" WHERE ("girls"."id" = 1320) LIMIT 1
  [1m[36mAREL (0.3ms)[0m  [1mUPDATE "girls" SET "score" = 1425, "updated_at" = '2011-09-25 06:42:53.024744' WHERE ("girls"."id" = 1352)[0m
  [1m[35mAREL (0.3ms)[0m  UPDATE "girls" SET "score" = 1374, "updated_at" = '2011-09-25 06:42:53.030109' WHERE ("girls"."id" = 1320)
  [1m[36mGirl Load (3.6ms)[0m  [1mSELECT "girls".* FROM "girls" ORDER BY RANDOM() LIMIT 2[0m
Rendered girls/_vote.html.erb (1.8ms)
Rendered girls/update.js.erb (7.9ms)
Completed 200 OK in 37ms (Views: 13.7ms | ActiveRecord: 4.5ms)


Started PUT "/girls/update/2085/1859" for 127.0.0.1 at Sun Sep 25 00:42:54 -0600 2011
  Processing by GirlsController#update as JS
  Parameters: {"lose"=>"1859", "win"=>"2085"}
  [1m[35mGirl Load (0.2ms)[0m  SELECT "girls".* FROM "girls" WHERE ("girls"."id" = 2085) LIMIT 1
  [1m[36mGirl Load (0.2ms)[0m  [1mSELECT "girls".* FROM "girls" WHERE ("girls"."id" = 1859) LIMIT 1[0m
  [1m[35mAREL (0.3ms)[0m  UPDATE "girls" SET "updated_at" = '2011-09-25 06:42:54.579168', "score" = 1402 WHERE ("girls"."id" = 2085)
  [1m[36mAREL (0.3ms)[0m  [1mUPDATE "girls" SET "updated_at" = '2011-09-25 06:42:54.584530', "score" = 1372 WHERE ("girls"."id" = 1859)[0m
  [1m[35mGirl Load (3.6ms)[0m  SELECT "girls".* FROM "girls" ORDER BY RANDOM() LIMIT 2
Rendered girls/_vote.html.erb (1.8ms)
Rendered girls/update.js.erb (7.9ms)
Completed 200 OK in 37ms (Views: 13.9ms | ActiveRecord: 4.5ms)


Started PUT "/girls/update/2096/1325" for 127.0.0.1 at Sun Sep 25 00:43:00 -0600 2011
  Processing by GirlsController#update as JS
  Parameters: {"lose"=>"1325", "win"=>"2096"}
  [1m[36mGirl Load (0.2ms)[0m  [1mSELECT "girls".* FROM "girls" WHERE ("girls"."id" = 2096) LIMIT 1[0m
  [1m[35mGirl Load (0.1ms)[0m  SELECT "girls".* FROM "girls" WHERE ("girls"."id" = 1325) LIMIT 1
  [1m[36mAREL (0.3ms)[0m  [1mUPDATE "girls" SET "score" = 1435, "updated_at" = '2011-09-25 06:43:00.550852' WHERE ("girls"."id" = 2096)[0m
  [1m[35mAREL (0.3ms)[0m  UPDATE "girls" SET "score" = 1478, "updated_at" = '2011-09-25 06:43:00.556102' WHERE ("girls"."id" = 1325)
  [1m[36mGirl Load (3.6ms)[0m  [1mSELECT "girls".* FROM "girls" ORDER BY RANDOM() LIMIT 2[0m
Rendered girls/_vote.html.erb (1.8ms)
Rendered girls/update.js.erb (8.1ms)
Completed 200 OK in 37ms (Views: 13.9ms | ActiveRecord: 4.5ms)


Started GET "/winners" for 127.0.0.1 at Sun Sep 25 00:43:02 -0600 2011
  Processing by WinnersController#index as HTML
  [1m[35mGirl Load (4.1ms)[0m  SELECT "girls".* FROM "girls" ORDER BY score DESC LIMIT 5 OFFSET 0
  [1m[36mSQL (0.2ms)[0m  [1mSELECT COUNT(*) FROM "girls"[0m
  [1m[35mGuys Load (2.6ms)[0m  SELECT "guys".* FROM "guys" ORDER BY score DESC LIMIT 5 OFFSET 0
  [1m[36mSQL (0.2ms)[0m  [1mSELECT COUNT(*) FROM "guys"[0m
Rendered layouts/_header.html.erb (1.2ms)
Rendered layouts/_footer.html.erb (0.3ms)
Rendered winners/index.html.erb within layouts/application (119.3ms)
Completed 200 OK in 137ms (Views: 121.4ms | ActiveRecord: 7.0ms)


Started GET "/" for 127.0.0.1 at Sun Sep 25 00:43:07 -0600 2011
  Processing by GirlsController#index as HTML
  [1m[35mGirl Load (3.8ms)[0m  SELECT "girls".* FROM "girls" ORDER BY RANDOM() LIMIT 2
Rendered layouts/_menwomen.html.erb (1.1ms)
Rendered girls/_vote.html.erb (5.4ms)
Rendered layouts/_header.html.erb (1.2ms)
Rendered layouts/_footer.html.erb (0.3ms)
Rendered girls/index.html.erb within layouts/application (16.4ms)
Completed 200 OK in 29ms (Views: 21.0ms | ActiveRecord: 3.8ms)


Started PUT "/girls/update/1260/1761" for 127.0.0.1 at Sun Sep 25 00:43:09 -0600 2011
  Processing by GirlsController#update as JS
  Parameters: {"lose"=>"1761", "win"=>"1260"}
  [1m[36mGirl Load (0.2ms)[0m  [1mSELECT "girls".* FROM "girls" WHERE ("girls"."id" = 1260) LIMIT 1[0m
  [1m[35mGirl Load (0.1ms)[0m  SELECT "girls".* FROM "girls" WHERE ("girls"."id" = 1761) LIMIT 1
  [1m[36mAREL (0.3ms)[0m  [1mUPDATE "girls" SET "score" = 1402, "updated_at" = '2011-09-25 06:43:09.568035' WHERE ("girls"."id" = 1260)[0m
  [1m[35mAREL (0.3ms)[0m  UPDATE "girls" SET "score" = 1372, "updated_at" = '2011-09-25 06:43:09.573269' WHERE ("girls"."id" = 1761)
  [1m[36mGirl Load (3.6ms)[0m  [1mSELECT "girls".* FROM "girls" ORDER BY RANDOM() LIMIT 2[0m
Rendered girls/_vote.html.erb (1.9ms)
Rendered girls/update.js.erb (8.3ms)
Completed 200 OK in 114ms (Views: 90.4ms | ActiveRecord: 4.5ms)


Started PUT "/girls/update/1397/1314" for 127.0.0.1 at Sun Sep 25 00:43:10 -0600 2011
  Processing by GirlsController#update as JS
  Parameters: {"lose"=>"1314", "win"=>"1397"}
  [1m[35mGirl Load (0.2ms)[0m  SELECT "girls".* FROM "girls" WHERE ("girls"."id" = 1397) LIMIT 1
  [1m[36mGirl Load (0.2ms)[0m  [1mSELECT "girls".* FROM "girls" WHERE ("girls"."id" = 1314) LIMIT 1[0m
  [1m[35mAREL (0.3ms)[0m  UPDATE "girls" SET "updated_at" = '2011-09-25 06:43:10.761013', "score" = 1425 WHERE ("girls"."id" = 1397)
  [1m[36mAREL (0.4ms)[0m  [1mUPDATE "girls" SET "updated_at" = '2011-09-25 06:43:10.767439', "score" = 1374 WHERE ("girls"."id" = 1314)[0m
  [1m[35mGirl Load (3.6ms)[0m  SELECT "girls".* FROM "girls" ORDER BY RANDOM() LIMIT 2
Rendered girls/_vote.html.erb (1.9ms)
Rendered girls/update.js.erb (8.0ms)
Completed 200 OK in 38ms (Views: 13.4ms | ActiveRecord: 4.6ms)


Started PUT "/girls/update/1278/1522" for 127.0.0.1 at Sun Sep 25 00:43:12 -0600 2011
  Processing by GirlsController#update as JS
  Parameters: {"lose"=>"1522", "win"=>"1278"}
  [1m[36mGirl Load (0.2ms)[0m  [1mSELECT "girls".* FROM "girls" WHERE ("girls"."id" = 1278) LIMIT 1[0m
  [1m[35mGirl Load (0.1ms)[0m  SELECT "girls".* FROM "girls" WHERE ("girls"."id" = 1522) LIMIT 1
  [1m[36mAREL (0.3ms)[0m  [1mUPDATE "girls" SET "updated_at" = '2011-09-25 06:43:12.080339', "score" = 1425 WHERE ("girls"."id" = 1278)[0m
  [1m[35mAREL (0.4ms)[0m  UPDATE "girls" SET "updated_at" = '2011-09-25 06:43:12.085764', "score" = 1374 WHERE ("girls"."id" = 1522)
  [1m[36mGirl Load (3.6ms)[0m  [1mSELECT "girls".* FROM "girls" ORDER BY RANDOM() LIMIT 2[0m
Rendered girls/_vote.html.erb (1.7ms)
Rendered girls/update.js.erb (7.7ms)
Completed 200 OK in 37ms (Views: 13.2ms | ActiveRecord: 4.5ms)


Started PUT "/girls/update/1347/1501" for 127.0.0.1 at Sun Sep 25 00:43:13 -0600 2011
  Processing by GirlsController#update as JS
  Parameters: {"lose"=>"1501", "win"=>"1347"}
  [1m[35mGirl Load (0.2ms)[0m  SELECT "girls".* FROM "girls" WHERE ("girls"."id" = 1347) LIMIT 1
  [1m[36mGirl Load (0.1ms)[0m  [1mSELECT "girls".* FROM "girls" WHERE ("girls"."id" = 1501) LIMIT 1[0m
  [1m[35mAREL (0.3ms)[0m  UPDATE "girls" SET "updated_at" = '2011-09-25 06:43:13.364750', "score" = 1427 WHERE ("girls"."id" = 1347)
  [1m[36mAREL (0.3ms)[0m  [1mUPDATE "girls" SET "updated_at" = '2011-09-25 06:43:13.369778', "score" = 1397 WHERE ("girls"."id" = 1501)[0m
  [1m[35mGirl Load (3.6ms)[0m  SELECT "girls".* FROM "girls" ORDER BY RANDOM() LIMIT 2
Rendered girls/_vote.html.erb (1.9ms)
Rendered girls/update.js.erb (8.0ms)
Completed 200 OK in 36ms (Views: 13.3ms | ActiveRecord: 4.4ms)


Started PUT "/girls/update/2020/2224" for 127.0.0.1 at Sun Sep 25 00:43:14 -0600 2011
  Processing by GirlsController#update as JS
  Parameters: {"lose"=>"2224", "win"=>"2020"}
  [1m[36mGirl Load (0.2ms)[0m  [1mSELECT "girls".* FROM "girls" WHERE ("girls"."id" = 2020) LIMIT 1[0m
  [1m[35mGirl Load (0.1ms)[0m  SELECT "girls".* FROM "girls" WHERE ("girls"."id" = 2224) LIMIT 1
  [1m[36mAREL (0.3ms)[0m  [1mUPDATE "girls" SET "score" = 1425, "updated_at" = '2011-09-25 06:43:14.953386' WHERE ("girls"."id" = 2020)[0m
  [1m[35mAREL (0.3ms)[0m  UPDATE "girls" SET "score" = 1374, "updated_at" = '2011-09-25 06:43:14.958459' WHERE ("girls"."id" = 2224)
  [1m[36mGirl Load (3.5ms)[0m  [1mSELECT "girls".* FROM "girls" ORDER BY RANDOM() LIMIT 2[0m
Rendered girls/_vote.html.erb (1.7ms)
Rendered girls/update.js.erb (7.7ms)
Completed 200 OK in 36ms (Views: 13.6ms | ActiveRecord: 4.4ms)


Started PUT "/girls/update/1593/1360" for 127.0.0.1 at Sun Sep 25 00:43:16 -0600 2011
  Processing by GirlsController#update as JS
  Parameters: {"lose"=>"1360", "win"=>"1593"}
  [1m[35mGirl Load (0.2ms)[0m  SELECT "girls".* FROM "girls" WHERE ("girls"."id" = 1593) LIMIT 1
  [1m[36mGirl Load (0.2ms)[0m  [1mSELECT "girls".* FROM "girls" WHERE ("girls"."id" = 1360) LIMIT 1[0m
  [1m[35mAREL (0.3ms)[0m  UPDATE "girls" SET "score" = 1425, "updated_at" = '2011-09-25 06:43:16.299051' WHERE ("girls"."id" = 1593)
  [1m[36mAREL (0.4ms)[0m  [1mUPDATE "girls" SET "score" = 1374, "updated_at" = '2011-09-25 06:43:16.304845' WHERE ("girls"."id" = 1360)[0m
  [1m[35mGirl Load (3.5ms)[0m  SELECT "girls".* FROM "girls" ORDER BY RANDOM() LIMIT 2
Rendered girls/_vote.html.erb (1.8ms)
Rendered girls/update.js.erb (7.9ms)
Completed 200 OK in 113ms (Views: 13.7ms | ActiveRecord: 4.6ms)


Started PUT "/girls/update/2026/1897" for 127.0.0.1 at Sun Sep 25 00:43:17 -0600 2011
  Processing by GirlsController#update as JS
  Parameters: {"lose"=>"1897", "win"=>"2026"}
  [1m[36mGirl Load (0.2ms)[0m  [1mSELECT "girls".* FROM "girls" WHERE ("girls"."id" = 2026) LIMIT 1[0m
  [1m[35mGirl Load (0.1ms)[0m  SELECT "girls".* FROM "girls" WHERE ("girls"."id" = 1897) LIMIT 1
  [1m[36mAREL (0.3ms)[0m  [1mUPDATE "girls" SET "score" = 1425, "updated_at" = '2011-09-25 06:43:17.288746' WHERE ("girls"."id" = 2026)[0m
  [1m[35mAREL (0.3ms)[0m  UPDATE "girls" SET "score" = 1374, "updated_at" = '2011-09-25 06:43:17.294225' WHERE ("girls"."id" = 1897)
  [1m[36mGirl Load (3.5ms)[0m  [1mSELECT "girls".* FROM "girls" ORDER BY RANDOM() LIMIT 2[0m
Rendered girls/_vote.html.erb (1.8ms)
Rendered girls/update.js.erb (7.9ms)
Completed 200 OK in 37ms (Views: 13.0ms | ActiveRecord: 4.5ms)


Started PUT "/girls/update/2013/2239" for 127.0.0.1 at Sun Sep 25 00:43:18 -0600 2011
  Processing by GirlsController#update as JS
  Parameters: {"lose"=>"2239", "win"=>"2013"}
  [1m[35mGirl Load (0.2ms)[0m  SELECT "girls".* FROM "girls" WHERE ("girls"."id" = 2013) LIMIT 1
  [1m[36mGirl Load (0.1ms)[0m  [1mSELECT "girls".* FROM "girls" WHERE ("girls"."id" = 2239) LIMIT 1[0m
  [1m[35mAREL (0.3ms)[0m  UPDATE "girls" SET "score" = 1447, "updated_at" = '2011-09-25 06:43:18.815425' WHERE ("girls"."id" = 2013)
  [1m[36mAREL (0.3ms)[0m  [1mUPDATE "girls" SET "score" = 1376, "updated_at" = '2011-09-25 06:43:18.820853' WHERE ("girls"."id" = 2239)[0m
  [1m[35mGirl Load (3.6ms)[0m  SELECT "girls".* FROM "girls" ORDER BY RANDOM() LIMIT 2
Rendered girls/_vote.html.erb (1.7ms)
Rendered girls/update.js.erb (7.9ms)
Completed 200 OK in 37ms (Views: 13.6ms | ActiveRecord: 4.6ms)


Started PUT "/girls/update/2190/1712" for 127.0.0.1 at Sun Sep 25 00:43:19 -0600 2011
  Processing by GirlsController#update as JS
  Parameters: {"lose"=>"1712", "win"=>"2190"}
  [1m[36mGirl Load (0.2ms)[0m  [1mSELECT "girls".* FROM "girls" WHERE ("girls"."id" = 2190) LIMIT 1[0m
  [1m[35mGirl Load (0.1ms)[0m  SELECT "girls".* FROM "girls" WHERE ("girls"."id" = 1712) LIMIT 1
  [1m[36mAREL (0.3ms)[0m  [1mUPDATE "girls" SET "updated_at" = '2011-09-25 06:43:19.916191', "score" = 1423 WHERE ("girls"."id" = 2190)[0m
  [1m[35mAREL (0.4ms)[0m  UPDATE "girls" SET "updated_at" = '2011-09-25 06:43:19.956914', "score" = 1349 WHERE ("girls"."id" = 1712)
  [1m[36mGirl Load (3.6ms)[0m  [1mSELECT "girls".* FROM "girls" ORDER BY RANDOM() LIMIT 2[0m
Rendered girls/_vote.html.erb (1.8ms)
Rendered girls/update.js.erb (8.1ms)
Completed 200 OK in 297ms (Views: 14.6ms | ActiveRecord: 4.7ms)


Started PUT "/girls/update/2384/2068" for 127.0.0.1 at Sun Sep 25 00:43:21 -0600 2011
  Processing by GirlsController#update as JS
  Parameters: {"lose"=>"2068", "win"=>"2384"}
  [1m[35mGirl Load (0.2ms)[0m  SELECT "girls".* FROM "girls" WHERE ("girls"."id" = 2384) LIMIT 1
  [1m[36mGirl Load (0.1ms)[0m  [1mSELECT "girls".* FROM "girls" WHERE ("girls"."id" = 2068) LIMIT 1[0m
  [1m[35mAREL (0.3ms)[0m  UPDATE "girls" SET "updated_at" = '2011-09-25 06:43:21.174302', "score" = 1443 WHERE ("girls"."id" = 2384)
  [1m[36mAREL (0.3ms)[0m  [1mUPDATE "girls" SET "updated_at" = '2011-09-25 06:43:21.179127', "score" = 1332 WHERE ("girls"."id" = 2068)[0m
  [1m[35mGirl Load (3.5ms)[0m  SELECT "girls".* FROM "girls" ORDER BY RANDOM() LIMIT 2
Rendered girls/_vote.html.erb (1.8ms)
Rendered girls/update.js.erb (7.8ms)
Completed 200 OK in 36ms (Views: 13.4ms | ActiveRecord: 4.4ms)


Started PUT "/girls/update/1515/1863" for 127.0.0.1 at Sun Sep 25 00:43:22 -0600 2011
  Processing by GirlsController#update as JS
  Parameters: {"lose"=>"1863", "win"=>"1515"}
  [1m[36mGirl Load (0.2ms)[0m  [1mSELECT "girls".* FROM "girls" WHERE ("girls"."id" = 1515) LIMIT 1[0m
  [1m[35mGirl Load (0.2ms)[0m  SELECT "girls".* FROM "girls" WHERE ("girls"."id" = 1863) LIMIT 1
  [1m[36mAREL (0.3ms)[0m  [1mUPDATE "girls" SET "score" = 1427, "updated_at" = '2011-09-25 06:43:22.955774' WHERE ("girls"."id" = 1515)[0m
  [1m[35mAREL (0.3ms)[0m  UPDATE "girls" SET "score" = 1397, "updated_at" = '2011-09-25 06:43:22.961324' WHERE ("girls"."id" = 1863)
  [1m[36mGirl Load (3.5ms)[0m  [1mSELECT "girls".* FROM "girls" ORDER BY RANDOM() LIMIT 2[0m
Rendered girls/_vote.html.erb (1.8ms)
Rendered girls/update.js.erb (7.8ms)
Completed 200 OK in 37ms (Views: 12.8ms | ActiveRecord: 4.5ms)


Started PUT "/girls/update/1274/1333" for 127.0.0.1 at Sun Sep 25 00:43:24 -0600 2011
  Processing by GirlsController#update as JS
  Parameters: {"lose"=>"1333", "win"=>"1274"}
  [1m[35mGirl Load (0.2ms)[0m  SELECT "girls".* FROM "girls" WHERE ("girls"."id" = 1274) LIMIT 1
  [1m[36mGirl Load (0.1ms)[0m  [1mSELECT "girls".* FROM "girls" WHERE ("girls"."id" = 1333) LIMIT 1[0m
  [1m[35mAREL (0.3ms)[0m  UPDATE "girls" SET "score" = 1425, "updated_at" = '2011-09-25 06:43:24.063732' WHERE ("girls"."id" = 1274)
  [1m[36mAREL (0.2ms)[0m  [1mUPDATE "girls" SET "score" = 1374, "updated_at" = '2011-09-25 06:43:24.068636' WHERE ("girls"."id" = 1333)[0m
  [1m[35mGirl Load (3.6ms)[0m  SELECT "girls".* FROM "girls" ORDER BY RANDOM() LIMIT 2
Rendered girls/_vote.html.erb (1.8ms)
Rendered girls/update.js.erb (8.0ms)
Completed 200 OK in 36ms (Views: 13.4ms | ActiveRecord: 4.5ms)


Started PUT "/girls/update/2407/2176" for 127.0.0.1 at Sun Sep 25 00:43:25 -0600 2011
  Processing by GirlsController#update as JS
  Parameters: {"lose"=>"2176", "win"=>"2407"}
  [1m[36mGirl Load (0.2ms)[0m  [1mSELECT "girls".* FROM "girls" WHERE ("girls"."id" = 2407) LIMIT 1[0m
  [1m[35mGirl Load (0.1ms)[0m  SELECT "girls".* FROM "girls" WHERE ("girls"."id" = 2176) LIMIT 1
  [1m[36mAREL (0.4ms)[0m  [1mUPDATE "girls" SET "score" = 1425, "updated_at" = '2011-09-25 06:43:25.435095' WHERE ("girls"."id" = 2407)[0m
  [1m[35mAREL (0.3ms)[0m  UPDATE "girls" SET "score" = 1374, "updated_at" = '2011-09-25 06:43:25.440202' WHERE ("girls"."id" = 2176)
  [1m[36mGirl Load (3.7ms)[0m  [1mSELECT "girls".* FROM "girls" ORDER BY RANDOM() LIMIT 2[0m
Rendered girls/_vote.html.erb (1.9ms)
Rendered girls/update.js.erb (8.2ms)
Completed 200 OK in 112ms (Views: 13.4ms | ActiveRecord: 4.7ms)


Started PUT "/girls/update/2331/2128" for 127.0.0.1 at Sun Sep 25 00:43:26 -0600 2011
  Processing by GirlsController#update as JS
  Parameters: {"lose"=>"2128", "win"=>"2331"}
  [1m[35mGirl Load (0.2ms)[0m  SELECT "girls".* FROM "girls" WHERE ("girls"."id" = 2331) LIMIT 1
  [1m[36mGirl Load (0.2ms)[0m  [1mSELECT "girls".* FROM "girls" WHERE ("girls"."id" = 2128) LIMIT 1[0m
  [1m[35mAREL (0.3ms)[0m  UPDATE "girls" SET "updated_at" = '2011-09-25 06:43:26.793538', "score" = 1425 WHERE ("girls"."id" = 2331)
  [1m[36mAREL (0.3ms)[0m  [1mUPDATE "girls" SET "updated_at" = '2011-09-25 06:43:26.798881', "score" = 1374 WHERE ("girls"."id" = 2128)[0m
  [1m[35mGirl Load (3.5ms)[0m  SELECT "girls".* FROM "girls" ORDER BY RANDOM() LIMIT 2
Rendered girls/_vote.html.erb (1.7ms)
Rendered girls/update.js.erb (7.8ms)
Completed 200 OK in 38ms (Views: 13.6ms | ActiveRecord: 4.5ms)


Started PUT "/girls/update/2005/1996" for 127.0.0.1 at Sun Sep 25 00:43:27 -0600 2011
  Processing by GirlsController#update as JS
  Parameters: {"lose"=>"1996", "win"=>"2005"}
  [1m[36mGirl Load (0.2ms)[0m  [1mSELECT "girls".* FROM "girls" WHERE ("girls"."id" = 2005) LIMIT 1[0m
  [1m[35mGirl Load (0.1ms)[0m  SELECT "girls".* FROM "girls" WHERE ("girls"."id" = 1996) LIMIT 1
  [1m[36mAREL (0.3ms)[0m  [1mUPDATE "girls" SET "score" = 1425, "updated_at" = '2011-09-25 06:43:27.999785' WHERE ("girls"."id" = 2005)[0m
  [1m[35mAREL (0.3ms)[0m  UPDATE "girls" SET "score" = 1374, "updated_at" = '2011-09-25 06:43:28.004578' WHERE ("girls"."id" = 1996)
  [1m[36mGirl Load (3.6ms)[0m  [1mSELECT "girls".* FROM "girls" ORDER BY RANDOM() LIMIT 2[0m
Rendered girls/_vote.html.erb (1.7ms)
Rendered girls/update.js.erb (8.0ms)
Completed 200 OK in 37ms (Views: 13.9ms | ActiveRecord: 4.6ms)


Started PUT "/girls/update/2138/1952" for 127.0.0.1 at Sun Sep 25 00:43:29 -0600 2011
  Processing by GirlsController#update as JS
  Parameters: {"lose"=>"1952", "win"=>"2138"}
  [1m[35mGirl Load (0.2ms)[0m  SELECT "girls".* FROM "girls" WHERE ("girls"."id" = 2138) LIMIT 1
  [1m[36mGirl Load (0.1ms)[0m  [1mSELECT "girls".* FROM "girls" WHERE ("girls"."id" = 1952) LIMIT 1[0m
  [1m[35mAREL (0.3ms)[0m  UPDATE "girls" SET "updated_at" = '2011-09-25 06:43:29.468331', "score" = 1425 WHERE ("girls"."id" = 2138)
  [1m[36mAREL (0.3ms)[0m  [1mUPDATE "girls" SET "updated_at" = '2011-09-25 06:43:29.473190', "score" = 1374 WHERE ("girls"."id" = 1952)[0m
  [1m[35mGirl Load (3.5ms)[0m  SELECT "girls".* FROM "girls" ORDER BY RANDOM() LIMIT 2
Rendered girls/_vote.html.erb (1.8ms)
Rendered girls/update.js.erb (7.8ms)
Completed 200 OK in 36ms (Views: 13.2ms | ActiveRecord: 4.4ms)


Started PUT "/girls/update/2370/1580" for 127.0.0.1 at Sun Sep 25 00:43:30 -0600 2011
  Processing by GirlsController#update as JS
  Parameters: {"lose"=>"1580", "win"=>"2370"}
  [1m[36mGirl Load (0.2ms)[0m  [1mSELECT "girls".* FROM "girls" WHERE ("girls"."id" = 2370) LIMIT 1[0m
  [1m[35mGirl Load (0.1ms)[0m  SELECT "girls".* FROM "girls" WHERE ("girls"."id" = 1580) LIMIT 1
  [1m[36mAREL (0.3ms)[0m  [1mUPDATE "girls" SET "score" = 1425, "updated_at" = '2011-09-25 06:43:30.751514' WHERE ("girls"."id" = 2370)[0m
  [1m[35mAREL (0.3ms)[0m  UPDATE "girls" SET "score" = 1374, "updated_at" = '2011-09-25 06:43:30.756561' WHERE ("girls"."id" = 1580)
  [1m[36mGirl Load (3.5ms)[0m  [1mSELECT "girls".* FROM "girls" ORDER BY RANDOM() LIMIT 2[0m
Rendered girls/_vote.html.erb (2.0ms)
Rendered girls/update.js.erb (8.0ms)
Completed 200 OK in 37ms (Views: 13.9ms | ActiveRecord: 4.4ms)


Started PUT "/girls/update/2190/1607" for 127.0.0.1 at Sun Sep 25 00:43:32 -0600 2011
  Processing by GirlsController#update as JS
  Parameters: {"lose"=>"1607", "win"=>"2190"}
  [1m[35mGirl Load (0.2ms)[0m  SELECT "girls".* FROM "girls" WHERE ("girls"."id" = 2190) LIMIT 1
  [1m[36mGirl Load (0.1ms)[0m  [1mSELECT "girls".* FROM "girls" WHERE ("girls"."id" = 1607) LIMIT 1[0m
  [1m[35mAREL (0.3ms)[0m  UPDATE "girls" SET "updated_at" = '2011-09-25 06:43:32.267515', "score" = 1443 WHERE ("girls"."id" = 2190)
  [1m[36mAREL (0.4ms)[0m  [1mUPDATE "girls" SET "updated_at" = '2011-09-25 06:43:32.273093', "score" = 1352 WHERE ("girls"."id" = 1607)[0m
  [1m[35mGirl Load (3.7ms)[0m  SELECT "girls".* FROM "girls" ORDER BY RANDOM() LIMIT 2
Rendered girls/_vote.html.erb (1.9ms)
Rendered girls/update.js.erb (8.2ms)
Completed 200 OK in 40ms (Views: 13.9ms | ActiveRecord: 4.8ms)


Started PUT "/girls/update/1772/1956" for 127.0.0.1 at Sun Sep 25 00:43:33 -0600 2011
  Processing by GirlsController#update as JS
  Parameters: {"lose"=>"1956", "win"=>"1772"}
  [1m[36mGirl Load (0.2ms)[0m  [1mSELECT "girls".* FROM "girls" WHERE ("girls"."id" = 1772) LIMIT 1[0m
  [1m[35mGirl Load (0.1ms)[0m  SELECT "girls".* FROM "girls" WHERE ("girls"."id" = 1956) LIMIT 1
  [1m[36mAREL (0.3ms)[0m  [1mUPDATE "girls" SET "updated_at" = '2011-09-25 06:43:33.416821', "score" = 1423 WHERE ("girls"."id" = 1772)[0m
  [1m[35mAREL (0.3ms)[0m  UPDATE "girls" SET "updated_at" = '2011-09-25 06:43:33.422545', "score" = 1350 WHERE ("girls"."id" = 1956)
  [1m[36mGirl Load (3.5ms)[0m  [1mSELECT "girls".* FROM "girls" ORDER BY RANDOM() LIMIT 2[0m
Rendered girls/_vote.html.erb (1.7ms)
Rendered girls/update.js.erb (8.0ms)
Completed 200 OK in 38ms (Views: 13.7ms | ActiveRecord: 4.5ms)


Started PUT "/girls/update/2081/2456" for 127.0.0.1 at Sun Sep 25 00:43:35 -0600 2011
  Processing by GirlsController#update as JS
  Parameters: {"lose"=>"2456", "win"=>"2081"}
  [1m[35mGirl Load (0.2ms)[0m  SELECT "girls".* FROM "girls" WHERE ("girls"."id" = 2081) LIMIT 1
  [1m[36mGirl Load (0.1ms)[0m  [1mSELECT "girls".* FROM "girls" WHERE ("girls"."id" = 2456) LIMIT 1[0m
  [1m[35mAREL (0.3ms)[0m  UPDATE "girls" SET "score" = 1425, "updated_at" = '2011-09-25 06:43:35.351936' WHERE ("girls"."id" = 2081)
  [1m[36mAREL (0.3ms)[0m  [1mUPDATE "girls" SET "score" = 1374, "updated_at" = '2011-09-25 06:43:35.356769' WHERE ("girls"."id" = 2456)[0m
  [1m[35mGirl Load (3.5ms)[0m  SELECT "girls".* FROM "girls" ORDER BY RANDOM() LIMIT 2
Rendered girls/_vote.html.erb (77.4ms)
Rendered girls/update.js.erb (83.5ms)
Completed 200 OK in 111ms (Views: 89.0ms | ActiveRecord: 4.4ms)


Started PUT "/girls/update/1503/1858" for 127.0.0.1 at Sun Sep 25 00:43:36 -0600 2011
  Processing by GirlsController#update as JS
  Parameters: {"lose"=>"1858", "win"=>"1503"}
  [1m[36mGirl Load (0.2ms)[0m  [1mSELECT "girls".* FROM "girls" WHERE ("girls"."id" = 1503) LIMIT 1[0m
  [1m[35mGirl Load (0.2ms)[0m  SELECT "girls".* FROM "girls" WHERE ("girls"."id" = 1858) LIMIT 1
  [1m[36mAREL (0.3ms)[0m  [1mUPDATE "girls" SET "score" = 1425, "updated_at" = '2011-09-25 06:43:36.936978' WHERE ("girls"."id" = 1503)[0m
  [1m[35mAREL (0.3ms)[0m  UPDATE "girls" SET "score" = 1374, "updated_at" = '2011-09-25 06:43:36.941898' WHERE ("girls"."id" = 1858)
  [1m[36mGirl Load (3.5ms)[0m  [1mSELECT "girls".* FROM "girls" ORDER BY RANDOM() LIMIT 2[0m
Rendered girls/_vote.html.erb (1.9ms)
Rendered girls/update.js.erb (7.9ms)
Completed 200 OK in 37ms (Views: 13.8ms | ActiveRecord: 4.5ms)


Started PUT "/girls/update/2212/1922" for 127.0.0.1 at Sun Sep 25 00:43:37 -0600 2011
  Processing by GirlsController#update as JS
  Parameters: {"lose"=>"1922", "win"=>"2212"}
  [1m[35mGirl Load (0.2ms)[0m  SELECT "girls".* FROM "girls" WHERE ("girls"."id" = 2212) LIMIT 1
  [1m[36mGirl Load (0.2ms)[0m  [1mSELECT "girls".* FROM "girls" WHERE ("girls"."id" = 1922) LIMIT 1[0m
  [1m[35mAREL (0.3ms)[0m  UPDATE "girls" SET "updated_at" = '2011-09-25 06:43:38.008459', "score" = 1425 WHERE ("girls"."id" = 2212)
  [1m[36mAREL (0.3ms)[0m  [1mUPDATE "girls" SET "updated_at" = '2011-09-25 06:43:38.013814', "score" = 1374 WHERE ("girls"."id" = 1922)[0m
  [1m[35mGirl Load (3.6ms)[0m  SELECT "girls".* FROM "girls" ORDER BY RANDOM() LIMIT 2
Rendered girls/_vote.html.erb (1.7ms)
Rendered girls/update.js.erb (7.7ms)
Completed 200 OK in 38ms (Views: 13.2ms | ActiveRecord: 4.5ms)


Started PUT "/girls/update/2021/1728" for 127.0.0.1 at Sun Sep 25 00:43:38 -0600 2011
  Processing by GirlsController#update as JS
  Parameters: {"lose"=>"1728", "win"=>"2021"}
  [1m[36mGirl Load (0.2ms)[0m  [1mSELECT "girls".* FROM "girls" WHERE ("girls"."id" = 2021) LIMIT 1[0m
  [1m[35mGirl Load (0.2ms)[0m  SELECT "girls".* FROM "girls" WHERE ("girls"."id" = 1728) LIMIT 1
  [1m[36mAREL (0.3ms)[0m  [1mUPDATE "girls" SET "score" = 1402, "updated_at" = '2011-09-25 06:43:38.168462' WHERE ("girls"."id" = 2021)[0m
  [1m[35mAREL (0.3ms)[0m  UPDATE "girls" SET "score" = 1372, "updated_at" = '2011-09-25 06:43:38.172828' WHERE ("girls"."id" = 1728)
  [1m[36mGirl Load (3.8ms)[0m  [1mSELECT "girls".* FROM "girls" ORDER BY RANDOM() LIMIT 2[0m
Rendered girls/_vote.html.erb (1.9ms)
Rendered girls/update.js.erb (8.3ms)
Completed 200 OK in 37ms (Views: 13.4ms | ActiveRecord: 4.8ms)


Started PUT "/girls/update/1716/2454" for 127.0.0.1 at Sun Sep 25 00:43:40 -0600 2011
  Processing by GirlsController#update as JS
  Parameters: {"lose"=>"2454", "win"=>"1716"}
  [1m[35mGirl Load (0.2ms)[0m  SELECT "girls".* FROM "girls" WHERE ("girls"."id" = 1716) LIMIT 1
  [1m[36mGirl Load (0.2ms)[0m  [1mSELECT "girls".* FROM "girls" WHERE ("girls"."id" = 2454) LIMIT 1[0m
  [1m[35mAREL (0.3ms)[0m  UPDATE "girls" SET "score" = 1425, "updated_at" = '2011-09-25 06:43:40.129704' WHERE ("girls"."id" = 1716)
  [1m[36mAREL (0.3ms)[0m  [1mUPDATE "girls" SET "score" = 1374, "updated_at" = '2011-09-25 06:43:40.134626' WHERE ("girls"."id" = 2454)[0m
  [1m[35mGirl Load (3.6ms)[0m  SELECT "girls".* FROM "girls" ORDER BY RANDOM() LIMIT 2
Rendered girls/_vote.html.erb (1.9ms)
Rendered girls/update.js.erb (8.2ms)
Completed 200 OK in 41ms (Views: 15.4ms | ActiveRecord: 4.6ms)


Started PUT "/girls/update/1462/1377" for 127.0.0.1 at Sun Sep 25 00:43:41 -0600 2011
  Processing by GirlsController#update as JS
  Parameters: {"lose"=>"1377", "win"=>"1462"}
  [1m[36mGirl Load (0.2ms)[0m  [1mSELECT "girls".* FROM "girls" WHERE ("girls"."id" = 1462) LIMIT 1[0m
  [1m[35mGirl Load (0.2ms)[0m  SELECT "girls".* FROM "girls" WHERE ("girls"."id" = 1377) LIMIT 1
  [1m[36mAREL (0.3ms)[0m  [1mUPDATE "girls" SET "score" = 1420, "updated_at" = '2011-09-25 06:43:41.438707' WHERE ("girls"."id" = 1462)[0m
  [1m[35mAREL (0.3ms)[0m  UPDATE "girls" SET "score" = 1325, "updated_at" = '2011-09-25 06:43:41.443911' WHERE ("girls"."id" = 1377)
  [1m[36mGirl Load (3.5ms)[0m  [1mSELECT "girls".* FROM "girls" ORDER BY RANDOM() LIMIT 2[0m
Rendered girls/_vote.html.erb (77.8ms)
Rendered girls/update.js.erb (83.9ms)
Completed 200 OK in 113ms (Views: 89.6ms | ActiveRecord: 4.5ms)


Started PUT "/girls/update/2411/1414" for 127.0.0.1 at Sun Sep 25 00:43:42 -0600 2011
  Processing by GirlsController#update as JS
  Parameters: {"lose"=>"1414", "win"=>"2411"}
  [1m[35mGirl Load (0.2ms)[0m  SELECT "girls".* FROM "girls" WHERE ("girls"."id" = 2411) LIMIT 1
  [1m[36mGirl Load (0.2ms)[0m  [1mSELECT "girls".* FROM "girls" WHERE ("girls"."id" = 1414) LIMIT 1[0m
  [1m[35mAREL (0.3ms)[0m  UPDATE "girls" SET "updated_at" = '2011-09-25 06:43:42.904509', "score" = 1425 WHERE ("girls"."id" = 2411)
  [1m[36mAREL (0.4ms)[0m  [1mUPDATE "girls" SET "updated_at" = '2011-09-25 06:43:42.909843', "score" = 1374 WHERE ("girls"."id" = 1414)[0m
  [1m[35mGirl Load (3.5ms)[0m  SELECT "girls".* FROM "girls" ORDER BY RANDOM() LIMIT 2
Rendered girls/_vote.html.erb (1.7ms)
Rendered girls/update.js.erb (7.7ms)
Completed 200 OK in 37ms (Views: 13.5ms | ActiveRecord: 4.5ms)


Started PUT "/girls/update/2014/1932" for 127.0.0.1 at Sun Sep 25 00:43:44 -0600 2011
  Processing by GirlsController#update as JS
  Parameters: {"lose"=>"1932", "win"=>"2014"}
  [1m[36mGirl Load (0.2ms)[0m  [1mSELECT "girls".* FROM "girls" WHERE ("girls"."id" = 2014) LIMIT 1[0m
  [1m[35mGirl Load (0.1ms)[0m  SELECT "girls".* FROM "girls" WHERE ("girls"."id" = 1932) LIMIT 1
  [1m[36mAREL (0.3ms)[0m  [1mUPDATE "girls" SET "score" = 1425, "updated_at" = '2011-09-25 06:43:44.534590' WHERE ("girls"."id" = 2014)[0m
  [1m[35mAREL (0.3ms)[0m  UPDATE "girls" SET "score" = 1374, "updated_at" = '2011-09-25 06:43:44.539529' WHERE ("girls"."id" = 1932)
  [1m[36mGirl Load (3.5ms)[0m  [1mSELECT "girls".* FROM "girls" ORDER BY RANDOM() LIMIT 2[0m
Rendered girls/_vote.html.erb (1.7ms)
Rendered girls/update.js.erb (7.6ms)
Completed 200 OK in 36ms (Views: 14.3ms | ActiveRecord: 4.4ms)


Started PUT "/girls/update/1622/1307" for 127.0.0.1 at Sun Sep 25 00:43:46 -0600 2011
  Processing by GirlsController#update as JS
  Parameters: {"lose"=>"1307", "win"=>"1622"}
  [1m[35mGirl Load (0.2ms)[0m  SELECT "girls".* FROM "girls" WHERE ("girls"."id" = 1622) LIMIT 1
  [1m[36mGirl Load (0.2ms)[0m  [1mSELECT "girls".* FROM "girls" WHERE ("girls"."id" = 1307) LIMIT 1[0m
  [1m[35mAREL (0.3ms)[0m  UPDATE "girls" SET "score" = 1447, "updated_at" = '2011-09-25 06:43:46.494083' WHERE ("girls"."id" = 1622)
  [1m[36mAREL (0.3ms)[0m  [1mUPDATE "girls" SET "score" = 1376, "updated_at" = '2011-09-25 06:43:46.500444' WHERE ("girls"."id" = 1307)[0m
  [1m[35mGirl Load (3.5ms)[0m  SELECT "girls".* FROM "girls" ORDER BY RANDOM() LIMIT 2
Rendered girls/_vote.html.erb (1.8ms)
Rendered girls/update.js.erb (7.8ms)
Completed 200 OK in 38ms (Views: 12.7ms | ActiveRecord: 4.5ms)


Started PUT "/girls/update/1656/1643" for 127.0.0.1 at Sun Sep 25 00:43:47 -0600 2011
  Processing by GirlsController#update as JS
  Parameters: {"lose"=>"1643", "win"=>"1656"}
  [1m[36mGirl Load (0.2ms)[0m  [1mSELECT "girls".* FROM "girls" WHERE ("girls"."id" = 1656) LIMIT 1[0m
  [1m[35mGirl Load (0.2ms)[0m  SELECT "girls".* FROM "girls" WHERE ("girls"."id" = 1643) LIMIT 1
  [1m[36mAREL (0.3ms)[0m  [1mUPDATE "girls" SET "updated_at" = '2011-09-25 06:43:47.855681', "score" = 1425 WHERE ("girls"."id" = 1656)[0m
  [1m[35mAREL (0.3ms)[0m  UPDATE "girls" SET "updated_at" = '2011-09-25 06:43:47.861107', "score" = 1374 WHERE ("girls"."id" = 1643)
  [1m[36mGirl Load (3.5ms)[0m  [1mSELECT "girls".* FROM "girls" ORDER BY RANDOM() LIMIT 2[0m
Rendered girls/_vote.html.erb (2.2ms)
Rendered girls/update.js.erb (8.2ms)
Completed 200 OK in 37ms (Views: 13.9ms | ActiveRecord: 4.5ms)


Started PUT "/girls/update/2330/1280" for 127.0.0.1 at Sun Sep 25 00:43:49 -0600 2011
  Processing by GirlsController#update as JS
  Parameters: {"lose"=>"1280", "win"=>"2330"}
  [1m[35mGirl Load (0.2ms)[0m  SELECT "girls".* FROM "girls" WHERE ("girls"."id" = 2330) LIMIT 1
  [1m[36mGirl Load (0.3ms)[0m  [1mSELECT "girls".* FROM "girls" WHERE ("girls"."id" = 1280) LIMIT 1[0m
  [1m[35mAREL (0.3ms)[0m  UPDATE "girls" SET "updated_at" = '2011-09-25 06:43:49.457938', "score" = 1425 WHERE ("girls"."id" = 2330)
  [1m[36mAREL (0.4ms)[0m  [1mUPDATE "girls" SET "updated_at" = '2011-09-25 06:43:49.463691', "score" = 1374 WHERE ("girls"."id" = 1280)[0m
  [1m[35mGirl Load (3.6ms)[0m  SELECT "girls".* FROM "girls" ORDER BY RANDOM() LIMIT 2
Rendered girls/_vote.html.erb (1.9ms)
Rendered girls/update.js.erb (8.1ms)
Completed 200 OK in 114ms (Views: 13.5ms | ActiveRecord: 4.8ms)


Started PUT "/girls/update/1622/1623" for 127.0.0.1 at Sun Sep 25 00:43:50 -0600 2011
  Processing by GirlsController#update as JS
  Parameters: {"lose"=>"1623", "win"=>"1622"}
  [1m[36mGirl Load (0.2ms)[0m  [1mSELECT "girls".* FROM "girls" WHERE ("girls"."id" = 1622) LIMIT 1[0m
  [1m[35mGirl Load (0.2ms)[0m  SELECT "girls".* FROM "girls" WHERE ("girls"."id" = 1623) LIMIT 1
  [1m[36mAREL (7.3ms)[0m  [1mUPDATE "girls" SET "score" = 1467, "updated_at" = '2011-09-25 06:43:50.504431' WHERE ("girls"."id" = 1622)[0m
  [1m[35mAREL (0.3ms)[0m  UPDATE "girls" SET "score" = 1378, "updated_at" = '2011-09-25 06:43:50.515567' WHERE ("girls"."id" = 1623)
  [1m[36mGirl Load (3.6ms)[0m  [1mSELECT "girls".* FROM "girls" ORDER BY RANDOM() LIMIT 2[0m
Rendered girls/_vote.html.erb (1.9ms)
Rendered girls/update.js.erb (8.1ms)
Completed 200 OK in 43ms (Views: 13.5ms | ActiveRecord: 11.5ms)


Started PUT "/girls/update/1417/2116" for 127.0.0.1 at Sun Sep 25 00:43:51 -0600 2011
  Processing by GirlsController#update as JS
  Parameters: {"lose"=>"2116", "win"=>"1417"}
  [1m[35mGirl Load (0.2ms)[0m  SELECT "girls".* FROM "girls" WHERE ("girls"."id" = 1417) LIMIT 1
  [1m[36mGirl Load (0.1ms)[0m  [1mSELECT "girls".* FROM "girls" WHERE ("girls"."id" = 2116) LIMIT 1[0m
  [1m[35mAREL (0.3ms)[0m  UPDATE "girls" SET "updated_at" = '2011-09-25 06:43:51.671038', "score" = 1425 WHERE ("girls"."id" = 1417)
  [1m[36mAREL (0.4ms)[0m  [1mUPDATE "girls" SET "updated_at" = '2011-09-25 06:43:51.676598', "score" = 1374 WHERE ("girls"."id" = 2116)[0m
  [1m[35mGirl Load (3.5ms)[0m  SELECT "girls".* FROM "girls" ORDER BY RANDOM() LIMIT 2
Rendered girls/_vote.html.erb (1.7ms)
Rendered girls/update.js.erb (7.6ms)
Completed 200 OK in 37ms (Views: 13.1ms | ActiveRecord: 4.5ms)


Started PUT "/girls/update/2133/2263" for 127.0.0.1 at Sun Sep 25 00:43:52 -0600 2011
  Processing by GirlsController#update as JS
  Parameters: {"lose"=>"2263", "win"=>"2133"}
  [1m[36mGirl Load (0.2ms)[0m  [1mSELECT "girls".* FROM "girls" WHERE ("girls"."id" = 2133) LIMIT 1[0m
  [1m[35mGirl Load (0.1ms)[0m  SELECT "girls".* FROM "girls" WHERE ("girls"."id" = 2263) LIMIT 1
  [1m[36mAREL (0.3ms)[0m  [1mUPDATE "girls" SET "score" = 1420, "updated_at" = '2011-09-25 06:43:53.051654' WHERE ("girls"."id" = 2133)[0m
  [1m[35mAREL (0.4ms)[0m  UPDATE "girls" SET "score" = 1328, "updated_at" = '2011-09-25 06:43:53.057179' WHERE ("girls"."id" = 2263)
  [1m[36mGirl Load (3.5ms)[0m  [1mSELECT "girls".* FROM "girls" ORDER BY RANDOM() LIMIT 2[0m
Rendered girls/_vote.html.erb (1.8ms)
Rendered girls/update.js.erb (7.9ms)
Completed 200 OK in 37ms (Views: 13.2ms | ActiveRecord: 4.6ms)


Started PUT "/girls/update/1813/1783" for 127.0.0.1 at Sun Sep 25 00:43:53 -0600 2011
  Processing by GirlsController#update as JS
  Parameters: {"lose"=>"1783", "win"=>"1813"}
  [1m[35mGirl Load (0.2ms)[0m  SELECT "girls".* FROM "girls" WHERE ("girls"."id" = 1813) LIMIT 1
  [1m[36mGirl Load (0.2ms)[0m  [1mSELECT "girls".* FROM "girls" WHERE ("girls"."id" = 1783) LIMIT 1[0m
  [1m[35mAREL (0.3ms)[0m  UPDATE "girls" SET "score" = 1425, "updated_at" = '2011-09-25 06:43:53.961505' WHERE ("girls"."id" = 1813)
  [1m[36mAREL (0.3ms)[0m  [1mUPDATE "girls" SET "score" = 1374, "updated_at" = '2011-09-25 06:43:53.966246' WHERE ("girls"."id" = 1783)[0m
  [1m[35mGirl Load (3.6ms)[0m  SELECT "girls".* FROM "girls" ORDER BY RANDOM() LIMIT 2
Rendered girls/_vote.html.erb (1.7ms)
Rendered girls/update.js.erb (7.7ms)
Completed 200 OK in 36ms (Views: 13.2ms | ActiveRecord: 4.5ms)


Started PUT "/girls/update/2428/2036" for 127.0.0.1 at Sun Sep 25 00:43:55 -0600 2011
  Processing by GirlsController#update as JS
  Parameters: {"lose"=>"2036", "win"=>"2428"}
  [1m[36mGirl Load (0.2ms)[0m  [1mSELECT "girls".* FROM "girls" WHERE ("girls"."id" = 2428) LIMIT 1[0m
  [1m[35mGirl Load (0.1ms)[0m  SELECT "girls".* FROM "girls" WHERE ("girls"."id" = 2036) LIMIT 1
  [1m[36mAREL (0.3ms)[0m  [1mUPDATE "girls" SET "score" = 1425, "updated_at" = '2011-09-25 06:43:55.417824' WHERE ("girls"."id" = 2428)[0m
  [1m[35mAREL (0.4ms)[0m  UPDATE "girls" SET "score" = 1374, "updated_at" = '2011-09-25 06:43:55.423665' WHERE ("girls"."id" = 2036)
  [1m[36mGirl Load (3.5ms)[0m  [1mSELECT "girls".* FROM "girls" ORDER BY RANDOM() LIMIT 2[0m
Rendered girls/_vote.html.erb (1.9ms)
Rendered girls/update.js.erb (8.0ms)
Completed 200 OK in 113ms (Views: 13.9ms | ActiveRecord: 4.6ms)


Started PUT "/girls/update/1552/2192" for 127.0.0.1 at Sun Sep 25 00:43:57 -0600 2011
  Processing by GirlsController#update as JS
  Parameters: {"lose"=>"2192", "win"=>"1552"}
  [1m[35mGirl Load (0.2ms)[0m  SELECT "girls".* FROM "girls" WHERE ("girls"."id" = 1552) LIMIT 1
  [1m[36mGirl Load (0.1ms)[0m  [1mSELECT "girls".* FROM "girls" WHERE ("girls"."id" = 2192) LIMIT 1[0m
  [1m[35mAREL (0.3ms)[0m  UPDATE "girls" SET "score" = 1400, "updated_at" = '2011-09-25 06:43:57.358471' WHERE ("girls"."id" = 1552)
  [1m[36mAREL (0.3ms)[0m  [1mUPDATE "girls" SET "score" = 1347, "updated_at" = '2011-09-25 06:43:57.363500' WHERE ("girls"."id" = 2192)[0m
  [1m[35mGirl Load (3.5ms)[0m  SELECT "girls".* FROM "girls" ORDER BY RANDOM() LIMIT 2
Rendered girls/_vote.html.erb (1.8ms)
Rendered girls/update.js.erb (7.9ms)
Completed 200 OK in 36ms (Views: 13.0ms | ActiveRecord: 4.5ms)


Started PUT "/girls/update/2232/2150" for 127.0.0.1 at Sun Sep 25 00:43:58 -0600 2011
  Processing by GirlsController#update as JS
  Parameters: {"lose"=>"2150", "win"=>"2232"}
  [1m[36mGirl Load (0.2ms)[0m  [1mSELECT "girls".* FROM "girls" WHERE ("girls"."id" = 2232) LIMIT 1[0m
  [1m[35mGirl Load (0.1ms)[0m  SELECT "girls".* FROM "girls" WHERE ("girls"."id" = 2150) LIMIT 1
  [1m[36mAREL (0.3ms)[0m  [1mUPDATE "girls" SET "updated_at" = '2011-09-25 06:43:58.782962', "score" = 1383 WHERE ("girls"."id" = 2232)[0m
  [1m[35mAREL (0.3ms)[0m  UPDATE "girls" SET "updated_at" = '2011-09-25 06:43:58.788157', "score" = 1370 WHERE ("girls"."id" = 2150)
  [1m[36mGirl Load (3.6ms)[0m  [1mSELECT "girls".* FROM "girls" ORDER BY RANDOM() LIMIT 2[0m
Rendered girls/_vote.html.erb (1.8ms)
Rendered girls/update.js.erb (9.2ms)
Completed 200 OK in 38ms (Views: 14.9ms | ActiveRecord: 4.5ms)


Started GET "/winners" for 127.0.0.1 at Sun Sep 25 00:44:02 -0600 2011
  Processing by WinnersController#index as HTML
  [1m[35mGirl Load (3.6ms)[0m  SELECT "girls".* FROM "girls" ORDER BY score DESC LIMIT 5 OFFSET 0
  [1m[36mSQL (0.1ms)[0m  [1mSELECT COUNT(*) FROM "girls"[0m
  [1m[35mGuys Load (2.6ms)[0m  SELECT "guys".* FROM "guys" ORDER BY score DESC LIMIT 5 OFFSET 0
  [1m[36mSQL (0.1ms)[0m  [1mSELECT COUNT(*) FROM "guys"[0m
Rendered layouts/_header.html.erb (1.2ms)
Rendered layouts/_footer.html.erb (0.2ms)
Rendered winners/index.html.erb within layouts/application (36.7ms)
Completed 200 OK in 50ms (Views: 35.0ms | ActiveRecord: 6.4ms)


Started GET "/" for 127.0.0.1 at Sun Sep 25 00:44:12 -0600 2011
  Processing by GirlsController#index as HTML
  [1m[35mGirl Load (4.0ms)[0m  SELECT "girls".* FROM "girls" ORDER BY RANDOM() LIMIT 2
Rendered layouts/_menwomen.html.erb (1.0ms)
Rendered girls/_vote.html.erb (6.0ms)
Rendered layouts/_header.html.erb (1.2ms)
Rendered layouts/_footer.html.erb (0.3ms)
Rendered girls/index.html.erb within layouts/application (17.6ms)
Completed 200 OK in 31ms (Views: 22.4ms | ActiveRecord: 4.0ms)
